Compilation failed:
    source file: '/Users/nickmak/Documents/Programming/GitHub/CSE 199/Introduction-to-using-OpenCV-with-Unity/Starter/Python/opencv/cmake/checks/cpu_popcnt.cpp'
    check option: ''
===== BUILD LOG =====
Change Dir: /Users/nickmak/Documents/Programming/GitHub/CSE 199/Introduction-to-using-OpenCV-with-Unity/Starter/Python/build_opencv/CMakeFiles/CMakeTmp

Run Build Command(s):/usr/bin/make -f Makefile cmTC_29140/fast && /Library/Developer/CommandLineTools/usr/bin/make  -f CMakeFiles/cmTC_29140.dir/build.make CMakeFiles/cmTC_29140.dir/build
Building CXX object CMakeFiles/cmTC_29140.dir/cpu_popcnt.cpp.o
/Library/Developer/CommandLineTools/usr/bin/c++   -O3 -DNDEBUG -isysroot /Library/Developer/CommandLineTools/SDKs/MacOSX10.15.sdk -fPIE -std=c++11 -MD -MT CMakeFiles/cmTC_29140.dir/cpu_popcnt.cpp.o -MF CMakeFiles/cmTC_29140.dir/cpu_popcnt.cpp.o.d -o CMakeFiles/cmTC_29140.dir/cpu_popcnt.cpp.o -c "/Users/nickmak/Documents/Programming/GitHub/CSE 199/Introduction-to-using-OpenCV-with-Unity/Starter/Python/opencv/cmake/checks/cpu_popcnt.cpp"
/Users/nickmak/Documents/Programming/GitHub/CSE 199/Introduction-to-using-OpenCV-with-Unity/Starter/Python/opencv/cmake/checks/cpu_popcnt.cpp:14:4: error: "__POPCNT__ is not defined by compiler"
#  error "__POPCNT__ is not defined by compiler"
   ^
/Users/nickmak/Documents/Programming/GitHub/CSE 199/Introduction-to-using-OpenCV-with-Unity/Starter/Python/opencv/cmake/checks/cpu_popcnt.cpp:22:13: error: use of undeclared identifier 'CV_POPCNT_U32'
    int j = CV_POPCNT_U32(1);
            ^
2 errors generated.
make[1]: *** [CMakeFiles/cmTC_29140.dir/cpu_popcnt.cpp.o] Error 1
make: *** [cmTC_29140/fast] Error 2


===== END =====

Compilation failed:
    source file: '/Users/nickmak/Documents/Programming/GitHub/CSE 199/Introduction-to-using-OpenCV-with-Unity/Starter/Python/opencv/cmake/checks/cpu_sse42.cpp'
    check option: ''
===== BUILD LOG =====
Change Dir: /Users/nickmak/Documents/Programming/GitHub/CSE 199/Introduction-to-using-OpenCV-with-Unity/Starter/Python/build_opencv/CMakeFiles/CMakeTmp

Run Build Command(s):/usr/bin/make -f Makefile cmTC_8af46/fast && /Library/Developer/CommandLineTools/usr/bin/make  -f CMakeFiles/cmTC_8af46.dir/build.make CMakeFiles/cmTC_8af46.dir/build
Building CXX object CMakeFiles/cmTC_8af46.dir/cpu_sse42.cpp.o
/Library/Developer/CommandLineTools/usr/bin/c++   -O3 -DNDEBUG -isysroot /Library/Developer/CommandLineTools/SDKs/MacOSX10.15.sdk -fPIE -std=c++11 -MD -MT CMakeFiles/cmTC_8af46.dir/cpu_sse42.cpp.o -MF CMakeFiles/cmTC_8af46.dir/cpu_sse42.cpp.o.d -o CMakeFiles/cmTC_8af46.dir/cpu_sse42.cpp.o -c "/Users/nickmak/Documents/Programming/GitHub/CSE 199/Introduction-to-using-OpenCV-with-Unity/Starter/Python/opencv/cmake/checks/cpu_sse42.cpp"
/Users/nickmak/Documents/Programming/GitHub/CSE 199/Introduction-to-using-OpenCV-with-Unity/Starter/Python/opencv/cmake/checks/cpu_sse42.cpp:5:24: error: always_inline function '_mm_crc32_u8' requires target feature 'sse4.2', but would be inlined into function 'main' that is compiled without support for 'sse4.2'
    unsigned int res = _mm_crc32_u8(1, 2);
                       ^
1 error generated.
make[1]: *** [CMakeFiles/cmTC_8af46.dir/cpu_sse42.cpp.o] Error 1
make: *** [cmTC_8af46/fast] Error 2


===== END =====

Compilation failed:
    source file: '/Users/nickmak/Documents/Programming/GitHub/CSE 199/Introduction-to-using-OpenCV-with-Unity/Starter/Python/opencv/cmake/checks/cpu_fp16.cpp'
    check option: ''
===== BUILD LOG =====
Change Dir: /Users/nickmak/Documents/Programming/GitHub/CSE 199/Introduction-to-using-OpenCV-with-Unity/Starter/Python/build_opencv/CMakeFiles/CMakeTmp

Run Build Command(s):/usr/bin/make -f Makefile cmTC_74e40/fast && /Library/Developer/CommandLineTools/usr/bin/make  -f CMakeFiles/cmTC_74e40.dir/build.make CMakeFiles/cmTC_74e40.dir/build
Building CXX object CMakeFiles/cmTC_74e40.dir/cpu_fp16.cpp.o
/Library/Developer/CommandLineTools/usr/bin/c++   -O3 -DNDEBUG -isysroot /Library/Developer/CommandLineTools/SDKs/MacOSX10.15.sdk -fPIE -std=c++11 -MD -MT CMakeFiles/cmTC_74e40.dir/cpu_fp16.cpp.o -MF CMakeFiles/cmTC_74e40.dir/cpu_fp16.cpp.o.d -o CMakeFiles/cmTC_74e40.dir/cpu_fp16.cpp.o -c "/Users/nickmak/Documents/Programming/GitHub/CSE 199/Introduction-to-using-OpenCV-with-Unity/Starter/Python/opencv/cmake/checks/cpu_fp16.cpp"
/Users/nickmak/Documents/Programming/GitHub/CSE 199/Introduction-to-using-OpenCV-with-Unity/Starter/Python/opencv/cmake/checks/cpu_fp16.cpp:26:2: error: "FP16 is not supported"
#error "FP16 is not supported"
 ^
/Users/nickmak/Documents/Programming/GitHub/CSE 199/Introduction-to-using-OpenCV-with-Unity/Starter/Python/opencv/cmake/checks/cpu_fp16.cpp:31:18: error: use of undeclared identifier 'test'
  printf("%d\n", test());
                 ^
2 errors generated.
make[1]: *** [CMakeFiles/cmTC_74e40.dir/cpu_fp16.cpp.o] Error 1
make: *** [cmTC_74e40/fast] Error 2


===== END =====

Compilation failed:
    source file: '/Users/nickmak/Documents/Programming/GitHub/CSE 199/Introduction-to-using-OpenCV-with-Unity/Starter/Python/opencv/cmake/checks/cpu_avx.cpp'
    check option: ''
===== BUILD LOG =====
Change Dir: /Users/nickmak/Documents/Programming/GitHub/CSE 199/Introduction-to-using-OpenCV-with-Unity/Starter/Python/build_opencv/CMakeFiles/CMakeTmp

Run Build Command(s):/usr/bin/make -f Makefile cmTC_b2ecf/fast && /Library/Developer/CommandLineTools/usr/bin/make  -f CMakeFiles/cmTC_b2ecf.dir/build.make CMakeFiles/cmTC_b2ecf.dir/build
Building CXX object CMakeFiles/cmTC_b2ecf.dir/cpu_avx.cpp.o
/Library/Developer/CommandLineTools/usr/bin/c++   -O3 -DNDEBUG -isysroot /Library/Developer/CommandLineTools/SDKs/MacOSX10.15.sdk -fPIE -std=c++11 -MD -MT CMakeFiles/cmTC_b2ecf.dir/cpu_avx.cpp.o -MF CMakeFiles/cmTC_b2ecf.dir/cpu_avx.cpp.o.d -o CMakeFiles/cmTC_b2ecf.dir/cpu_avx.cpp.o -c "/Users/nickmak/Documents/Programming/GitHub/CSE 199/Introduction-to-using-OpenCV-with-Unity/Starter/Python/opencv/cmake/checks/cpu_avx.cpp"
/Users/nickmak/Documents/Programming/GitHub/CSE 199/Introduction-to-using-OpenCV-with-Unity/Starter/Python/opencv/cmake/checks/cpu_avx.cpp:2:2: error: "__AVX__ define is missing"
#error "__AVX__ define is missing"
 ^
1 error generated.
make[1]: *** [CMakeFiles/cmTC_b2ecf.dir/cpu_avx.cpp.o] Error 1
make: *** [cmTC_b2ecf/fast] Error 2


===== END =====

Compilation failed:
    source file: '/Users/nickmak/Documents/Programming/GitHub/CSE 199/Introduction-to-using-OpenCV-with-Unity/Starter/Python/opencv/cmake/checks/cpu_avx2.cpp'
    check option: ''
===== BUILD LOG =====
Change Dir: /Users/nickmak/Documents/Programming/GitHub/CSE 199/Introduction-to-using-OpenCV-with-Unity/Starter/Python/build_opencv/CMakeFiles/CMakeTmp

Run Build Command(s):/usr/bin/make -f Makefile cmTC_0d4e5/fast && /Library/Developer/CommandLineTools/usr/bin/make  -f CMakeFiles/cmTC_0d4e5.dir/build.make CMakeFiles/cmTC_0d4e5.dir/build
Building CXX object CMakeFiles/cmTC_0d4e5.dir/cpu_avx2.cpp.o
/Library/Developer/CommandLineTools/usr/bin/c++   -O3 -DNDEBUG -isysroot /Library/Developer/CommandLineTools/SDKs/MacOSX10.15.sdk -fPIE -std=c++11 -MD -MT CMakeFiles/cmTC_0d4e5.dir/cpu_avx2.cpp.o -MF CMakeFiles/cmTC_0d4e5.dir/cpu_avx2.cpp.o.d -o CMakeFiles/cmTC_0d4e5.dir/cpu_avx2.cpp.o -c "/Users/nickmak/Documents/Programming/GitHub/CSE 199/Introduction-to-using-OpenCV-with-Unity/Starter/Python/opencv/cmake/checks/cpu_avx2.cpp"
/Users/nickmak/Documents/Programming/GitHub/CSE 199/Introduction-to-using-OpenCV-with-Unity/Starter/Python/opencv/cmake/checks/cpu_avx2.cpp:2:2: error: "__AVX2__ define is missing"
#error "__AVX2__ define is missing"
 ^
1 error generated.
make[1]: *** [CMakeFiles/cmTC_0d4e5.dir/cpu_avx2.cpp.o] Error 1
make: *** [cmTC_0d4e5/fast] Error 2


===== END =====

Compilation failed:
    source file: '/Users/nickmak/Documents/Programming/GitHub/CSE 199/Introduction-to-using-OpenCV-with-Unity/Starter/Python/opencv/cmake/checks/cpu_avx512.cpp'
    check option: ''
===== BUILD LOG =====
Change Dir: /Users/nickmak/Documents/Programming/GitHub/CSE 199/Introduction-to-using-OpenCV-with-Unity/Starter/Python/build_opencv/CMakeFiles/CMakeTmp

Run Build Command(s):/usr/bin/make -f Makefile cmTC_77c5c/fast && /Library/Developer/CommandLineTools/usr/bin/make  -f CMakeFiles/cmTC_77c5c.dir/build.make CMakeFiles/cmTC_77c5c.dir/build
Building CXX object CMakeFiles/cmTC_77c5c.dir/cpu_avx512.cpp.o
/Library/Developer/CommandLineTools/usr/bin/c++   -O3 -DNDEBUG -isysroot /Library/Developer/CommandLineTools/SDKs/MacOSX10.15.sdk -fPIE -std=c++11 -MD -MT CMakeFiles/cmTC_77c5c.dir/cpu_avx512.cpp.o -MF CMakeFiles/cmTC_77c5c.dir/cpu_avx512.cpp.o.d -o CMakeFiles/cmTC_77c5c.dir/cpu_avx512.cpp.o -c "/Users/nickmak/Documents/Programming/GitHub/CSE 199/Introduction-to-using-OpenCV-with-Unity/Starter/Python/opencv/cmake/checks/cpu_avx512.cpp"
/Users/nickmak/Documents/Programming/GitHub/CSE 199/Introduction-to-using-OpenCV-with-Unity/Starter/Python/opencv/cmake/checks/cpu_avx512.cpp:11:2: error: "AVX512 is not supported"
#error "AVX512 is not supported"
 ^
1 error generated.
make[1]: *** [CMakeFiles/cmTC_77c5c.dir/cpu_avx512.cpp.o] Error 1
make: *** [cmTC_77c5c/fast] Error 2


===== END =====

Compilation failed:
    source file: '/Users/nickmak/Documents/Programming/GitHub/CSE 199/Introduction-to-using-OpenCV-with-Unity/Starter/Python/opencv/cmake/checks/cpu_avx512common.cpp'
    check option: ''
===== BUILD LOG =====
Change Dir: /Users/nickmak/Documents/Programming/GitHub/CSE 199/Introduction-to-using-OpenCV-with-Unity/Starter/Python/build_opencv/CMakeFiles/CMakeTmp

Run Build Command(s):/usr/bin/make -f Makefile cmTC_143dc/fast && /Library/Developer/CommandLineTools/usr/bin/make  -f CMakeFiles/cmTC_143dc.dir/build.make CMakeFiles/cmTC_143dc.dir/build
Building CXX object CMakeFiles/cmTC_143dc.dir/cpu_avx512common.cpp.o
/Library/Developer/CommandLineTools/usr/bin/c++   -O3 -DNDEBUG -isysroot /Library/Developer/CommandLineTools/SDKs/MacOSX10.15.sdk -fPIE -std=c++11 -MD -MT CMakeFiles/cmTC_143dc.dir/cpu_avx512common.cpp.o -MF CMakeFiles/cmTC_143dc.dir/cpu_avx512common.cpp.o.d -o CMakeFiles/cmTC_143dc.dir/cpu_avx512common.cpp.o -c "/Users/nickmak/Documents/Programming/GitHub/CSE 199/Introduction-to-using-OpenCV-with-Unity/Starter/Python/opencv/cmake/checks/cpu_avx512common.cpp"
/Users/nickmak/Documents/Programming/GitHub/CSE 199/Introduction-to-using-OpenCV-with-Unity/Starter/Python/opencv/cmake/checks/cpu_avx512common.cpp:12:2: error: "AVX512-COMMON is not supported"
#error "AVX512-COMMON is not supported"
 ^
1 error generated.
make[1]: *** [CMakeFiles/cmTC_143dc.dir/cpu_avx512common.cpp.o] Error 1
make: *** [cmTC_143dc/fast] Error 2


===== END =====

Compilation failed:
    source file: '/Users/nickmak/Documents/Programming/GitHub/CSE 199/Introduction-to-using-OpenCV-with-Unity/Starter/Python/opencv/cmake/checks/cpu_avx512knl.cpp'
    check option: ''
===== BUILD LOG =====
Change Dir: /Users/nickmak/Documents/Programming/GitHub/CSE 199/Introduction-to-using-OpenCV-with-Unity/Starter/Python/build_opencv/CMakeFiles/CMakeTmp

Run Build Command(s):/usr/bin/make -f Makefile cmTC_0e9ff/fast && /Library/Developer/CommandLineTools/usr/bin/make  -f CMakeFiles/cmTC_0e9ff.dir/build.make CMakeFiles/cmTC_0e9ff.dir/build
Building CXX object CMakeFiles/cmTC_0e9ff.dir/cpu_avx512knl.cpp.o
/Library/Developer/CommandLineTools/usr/bin/c++   -O3 -DNDEBUG -isysroot /Library/Developer/CommandLineTools/SDKs/MacOSX10.15.sdk -fPIE -std=c++11 -MD -MT CMakeFiles/cmTC_0e9ff.dir/cpu_avx512knl.cpp.o -MF CMakeFiles/cmTC_0e9ff.dir/cpu_avx512knl.cpp.o.d -o CMakeFiles/cmTC_0e9ff.dir/cpu_avx512knl.cpp.o -c "/Users/nickmak/Documents/Programming/GitHub/CSE 199/Introduction-to-using-OpenCV-with-Unity/Starter/Python/opencv/cmake/checks/cpu_avx512knl.cpp"
/Users/nickmak/Documents/Programming/GitHub/CSE 199/Introduction-to-using-OpenCV-with-Unity/Starter/Python/opencv/cmake/checks/cpu_avx512knl.cpp:14:2: error: "AVX512-KNL is not supported"
#error "AVX512-KNL is not supported"
 ^
1 error generated.
make[1]: *** [CMakeFiles/cmTC_0e9ff.dir/cpu_avx512knl.cpp.o] Error 1
make: *** [cmTC_0e9ff/fast] Error 2


===== END =====

Compilation failed:
    source file: '/Users/nickmak/Documents/Programming/GitHub/CSE 199/Introduction-to-using-OpenCV-with-Unity/Starter/Python/opencv/cmake/checks/cpu_avx512knm.cpp'
    check option: ''
===== BUILD LOG =====
Change Dir: /Users/nickmak/Documents/Programming/GitHub/CSE 199/Introduction-to-using-OpenCV-with-Unity/Starter/Python/build_opencv/CMakeFiles/CMakeTmp

Run Build Command(s):/usr/bin/make -f Makefile cmTC_e76da/fast && /Library/Developer/CommandLineTools/usr/bin/make  -f CMakeFiles/cmTC_e76da.dir/build.make CMakeFiles/cmTC_e76da.dir/build
Building CXX object CMakeFiles/cmTC_e76da.dir/cpu_avx512knm.cpp.o
/Library/Developer/CommandLineTools/usr/bin/c++   -O3 -DNDEBUG -isysroot /Library/Developer/CommandLineTools/SDKs/MacOSX10.15.sdk -fPIE -std=c++11 -MD -MT CMakeFiles/cmTC_e76da.dir/cpu_avx512knm.cpp.o -MF CMakeFiles/cmTC_e76da.dir/cpu_avx512knm.cpp.o.d -o CMakeFiles/cmTC_e76da.dir/cpu_avx512knm.cpp.o -c "/Users/nickmak/Documents/Programming/GitHub/CSE 199/Introduction-to-using-OpenCV-with-Unity/Starter/Python/opencv/cmake/checks/cpu_avx512knm.cpp"
/Users/nickmak/Documents/Programming/GitHub/CSE 199/Introduction-to-using-OpenCV-with-Unity/Starter/Python/opencv/cmake/checks/cpu_avx512knm.cpp:15:2: error: "AVX512-KNM is not supported"
#error "AVX512-KNM is not supported"
 ^
1 error generated.
make[1]: *** [CMakeFiles/cmTC_e76da.dir/cpu_avx512knm.cpp.o] Error 1
make: *** [cmTC_e76da/fast] Error 2


===== END =====

Compilation failed:
    source file: '/Users/nickmak/Documents/Programming/GitHub/CSE 199/Introduction-to-using-OpenCV-with-Unity/Starter/Python/opencv/cmake/checks/cpu_avx512knm.cpp'
    check option: ' -mavx512f -mavx512cd -mavx512er -mavx512pf -mavx5124fmaps -mavx5124vnniw -mavx512vpopcntdq'
===== BUILD LOG =====
Change Dir: /Users/nickmak/Documents/Programming/GitHub/CSE 199/Introduction-to-using-OpenCV-with-Unity/Starter/Python/build_opencv/CMakeFiles/CMakeTmp

Run Build Command(s):/usr/bin/make -f Makefile cmTC_63b9f/fast && /Library/Developer/CommandLineTools/usr/bin/make  -f CMakeFiles/cmTC_63b9f.dir/build.make CMakeFiles/cmTC_63b9f.dir/build
Building CXX object CMakeFiles/cmTC_63b9f.dir/cpu_avx512knm.cpp.o
/Library/Developer/CommandLineTools/usr/bin/c++   -O3 -DNDEBUG -isysroot /Library/Developer/CommandLineTools/SDKs/MacOSX10.15.sdk -fPIE    -mavx512f -mavx512cd -mavx512er -mavx512pf -mavx5124fmaps -mavx5124vnniw -mavx512vpopcntdq -std=c++11 -MD -MT CMakeFiles/cmTC_63b9f.dir/cpu_avx512knm.cpp.o -MF CMakeFiles/cmTC_63b9f.dir/cpu_avx512knm.cpp.o.d -o CMakeFiles/cmTC_63b9f.dir/cpu_avx512knm.cpp.o -c "/Users/nickmak/Documents/Programming/GitHub/CSE 199/Introduction-to-using-OpenCV-with-Unity/Starter/Python/opencv/cmake/checks/cpu_avx512knm.cpp"
clang: error: unknown argument: '-mavx5124fmaps'
clang: error: unknown argument: '-mavx5124vnniw'
make[1]: *** [CMakeFiles/cmTC_63b9f.dir/cpu_avx512knm.cpp.o] Error 1
make: *** [cmTC_63b9f/fast] Error 2


===== END =====

Compilation failed:
    source file: '/Users/nickmak/Documents/Programming/GitHub/CSE 199/Introduction-to-using-OpenCV-with-Unity/Starter/Python/opencv/cmake/checks/cpu_avx512skx.cpp'
    check option: ''
===== BUILD LOG =====
Change Dir: /Users/nickmak/Documents/Programming/GitHub/CSE 199/Introduction-to-using-OpenCV-with-Unity/Starter/Python/build_opencv/CMakeFiles/CMakeTmp

Run Build Command(s):/usr/bin/make -f Makefile cmTC_c1065/fast && /Library/Developer/CommandLineTools/usr/bin/make  -f CMakeFiles/cmTC_c1065.dir/build.make CMakeFiles/cmTC_c1065.dir/build
Building CXX object CMakeFiles/cmTC_c1065.dir/cpu_avx512skx.cpp.o
/Library/Developer/CommandLineTools/usr/bin/c++   -O3 -DNDEBUG -isysroot /Library/Developer/CommandLineTools/SDKs/MacOSX10.15.sdk -fPIE -std=c++11 -MD -MT CMakeFiles/cmTC_c1065.dir/cpu_avx512skx.cpp.o -MF CMakeFiles/cmTC_c1065.dir/cpu_avx512skx.cpp.o.d -o CMakeFiles/cmTC_c1065.dir/cpu_avx512skx.cpp.o -c "/Users/nickmak/Documents/Programming/GitHub/CSE 199/Introduction-to-using-OpenCV-with-Unity/Starter/Python/opencv/cmake/checks/cpu_avx512skx.cpp"
/Users/nickmak/Documents/Programming/GitHub/CSE 199/Introduction-to-using-OpenCV-with-Unity/Starter/Python/opencv/cmake/checks/cpu_avx512skx.cpp:30:2: error: "AVX512-SKX is not supported"
#error "AVX512-SKX is not supported"
 ^
1 error generated.
make[1]: *** [CMakeFiles/cmTC_c1065.dir/cpu_avx512skx.cpp.o] Error 1
make: *** [cmTC_c1065/fast] Error 2


===== END =====

Compilation failed:
    source file: '/Users/nickmak/Documents/Programming/GitHub/CSE 199/Introduction-to-using-OpenCV-with-Unity/Starter/Python/opencv/cmake/checks/cpu_avx512cnl.cpp'
    check option: ''
===== BUILD LOG =====
Change Dir: /Users/nickmak/Documents/Programming/GitHub/CSE 199/Introduction-to-using-OpenCV-with-Unity/Starter/Python/build_opencv/CMakeFiles/CMakeTmp

Run Build Command(s):/usr/bin/make -f Makefile cmTC_c227a/fast && /Library/Developer/CommandLineTools/usr/bin/make  -f CMakeFiles/cmTC_c227a.dir/build.make CMakeFiles/cmTC_c227a.dir/build
Building CXX object CMakeFiles/cmTC_c227a.dir/cpu_avx512cnl.cpp.o
/Library/Developer/CommandLineTools/usr/bin/c++   -O3 -DNDEBUG -isysroot /Library/Developer/CommandLineTools/SDKs/MacOSX10.15.sdk -fPIE -std=c++11 -MD -MT CMakeFiles/cmTC_c227a.dir/cpu_avx512cnl.cpp.o -MF CMakeFiles/cmTC_c227a.dir/cpu_avx512cnl.cpp.o.d -o CMakeFiles/cmTC_c227a.dir/cpu_avx512cnl.cpp.o -c "/Users/nickmak/Documents/Programming/GitHub/CSE 199/Introduction-to-using-OpenCV-with-Unity/Starter/Python/opencv/cmake/checks/cpu_avx512cnl.cpp"
/Users/nickmak/Documents/Programming/GitHub/CSE 199/Introduction-to-using-OpenCV-with-Unity/Starter/Python/opencv/cmake/checks/cpu_avx512cnl.cpp:10:2: error: "AVX512-CNL is not supported"
#error "AVX512-CNL is not supported"
 ^
1 error generated.
make[1]: *** [CMakeFiles/cmTC_c227a.dir/cpu_avx512cnl.cpp.o] Error 1
make: *** [cmTC_c227a/fast] Error 2


===== END =====

Compilation failed:
    source file: '/Users/nickmak/Documents/Programming/GitHub/CSE 199/Introduction-to-using-OpenCV-with-Unity/Starter/Python/opencv/cmake/checks/cpu_avx512clx.cpp'
    check option: ''
===== BUILD LOG =====
Change Dir: /Users/nickmak/Documents/Programming/GitHub/CSE 199/Introduction-to-using-OpenCV-with-Unity/Starter/Python/build_opencv/CMakeFiles/CMakeTmp

Run Build Command(s):/usr/bin/make -f Makefile cmTC_50c83/fast && /Library/Developer/CommandLineTools/usr/bin/make  -f CMakeFiles/cmTC_50c83.dir/build.make CMakeFiles/cmTC_50c83.dir/build
Building CXX object CMakeFiles/cmTC_50c83.dir/cpu_avx512clx.cpp.o
/Library/Developer/CommandLineTools/usr/bin/c++   -O3 -DNDEBUG -isysroot /Library/Developer/CommandLineTools/SDKs/MacOSX10.15.sdk -fPIE -std=c++11 -MD -MT CMakeFiles/cmTC_50c83.dir/cpu_avx512clx.cpp.o -MF CMakeFiles/cmTC_50c83.dir/cpu_avx512clx.cpp.o.d -o CMakeFiles/cmTC_50c83.dir/cpu_avx512clx.cpp.o -c "/Users/nickmak/Documents/Programming/GitHub/CSE 199/Introduction-to-using-OpenCV-with-Unity/Starter/Python/opencv/cmake/checks/cpu_avx512clx.cpp"
/Users/nickmak/Documents/Programming/GitHub/CSE 199/Introduction-to-using-OpenCV-with-Unity/Starter/Python/opencv/cmake/checks/cpu_avx512clx.cpp:9:2: error: "AVX512-CLX is not supported"
#error "AVX512-CLX is not supported"
 ^
1 error generated.
make[1]: *** [CMakeFiles/cmTC_50c83.dir/cpu_avx512clx.cpp.o] Error 1
make: *** [cmTC_50c83/fast] Error 2


===== END =====

Compilation failed:
    source file: '/Users/nickmak/Documents/Programming/GitHub/CSE 199/Introduction-to-using-OpenCV-with-Unity/Starter/Python/opencv/cmake/checks/cpu_avx512icl.cpp'
    check option: ''
===== BUILD LOG =====
Change Dir: /Users/nickmak/Documents/Programming/GitHub/CSE 199/Introduction-to-using-OpenCV-with-Unity/Starter/Python/build_opencv/CMakeFiles/CMakeTmp

Run Build Command(s):/usr/bin/make -f Makefile cmTC_88a40/fast && /Library/Developer/CommandLineTools/usr/bin/make  -f CMakeFiles/cmTC_88a40.dir/build.make CMakeFiles/cmTC_88a40.dir/build
Building CXX object CMakeFiles/cmTC_88a40.dir/cpu_avx512icl.cpp.o
/Library/Developer/CommandLineTools/usr/bin/c++   -O3 -DNDEBUG -isysroot /Library/Developer/CommandLineTools/SDKs/MacOSX10.15.sdk -fPIE -std=c++11 -MD -MT CMakeFiles/cmTC_88a40.dir/cpu_avx512icl.cpp.o -MF CMakeFiles/cmTC_88a40.dir/cpu_avx512icl.cpp.o.d -o CMakeFiles/cmTC_88a40.dir/cpu_avx512icl.cpp.o -c "/Users/nickmak/Documents/Programming/GitHub/CSE 199/Introduction-to-using-OpenCV-with-Unity/Starter/Python/opencv/cmake/checks/cpu_avx512icl.cpp"
/Users/nickmak/Documents/Programming/GitHub/CSE 199/Introduction-to-using-OpenCV-with-Unity/Starter/Python/opencv/cmake/checks/cpu_avx512icl.cpp:12:2: error: "AVX512-ICL is not supported"
#error "AVX512-ICL is not supported"
 ^
1 error generated.
make[1]: *** [CMakeFiles/cmTC_88a40.dir/cpu_avx512icl.cpp.o] Error 1
make: *** [cmTC_88a40/fast] Error 2


===== END =====

Compilation failed:
    source file: '/Users/nickmak/Documents/Programming/GitHub/CSE 199/Introduction-to-using-OpenCV-with-Unity/Starter/Python/build_opencv/CMakeFiles/CMakeTmp/src.cxx'
    check option: ''
===== BUILD LOG =====
Change Dir: /Users/nickmak/Documents/Programming/GitHub/CSE 199/Introduction-to-using-OpenCV-with-Unity/Starter/Python/build_opencv/CMakeFiles/CMakeTmp

Run Build Command(s):/usr/bin/make -f Makefile cmTC_5cdbd/fast && /Library/Developer/CommandLineTools/usr/bin/make  -f CMakeFiles/cmTC_5cdbd.dir/build.make CMakeFiles/cmTC_5cdbd.dir/build
Building CXX object CMakeFiles/cmTC_5cdbd.dir/src.cxx.o
/Library/Developer/CommandLineTools/usr/bin/c++   -O3 -DNDEBUG -isysroot /Library/Developer/CommandLineTools/SDKs/MacOSX10.15.sdk -fPIE -std=c++11 -MD -MT CMakeFiles/cmTC_5cdbd.dir/src.cxx.o -MF CMakeFiles/cmTC_5cdbd.dir/src.cxx.o.d -o CMakeFiles/cmTC_5cdbd.dir/src.cxx.o -c "/Users/nickmak/Documents/Programming/GitHub/CSE 199/Introduction-to-using-OpenCV-with-Unity/Starter/Python/build_opencv/CMakeFiles/CMakeTmp/src.cxx"
Linking CXX executable cmTC_5cdbd
/usr/local/Cellar/cmake/3.20.2/bin/cmake -E cmake_link_script CMakeFiles/cmTC_5cdbd.dir/link.txt --verbose=1
/Library/Developer/CommandLineTools/usr/bin/c++ -O3 -DNDEBUG -isysroot /Library/Developer/CommandLineTools/SDKs/MacOSX10.15.sdk -Wl,-search_paths_first -Wl,-headerpad_max_install_names  -Wl,--as-needed  CMakeFiles/cmTC_5cdbd.dir/src.cxx.o -o cmTC_5cdbd 
ld: unknown option: --as-needed
clang: error: linker command failed with exit code 1 (use -v to see invocation)
make[1]: *** [cmTC_5cdbd] Error 1
make: *** [cmTC_5cdbd/fast] Error 2


===== END =====

Determining if the include file malloc.h exists failed with the following output:
Change Dir: /Users/nickmak/Documents/Programming/GitHub/CSE 199/Introduction-to-using-OpenCV-with-Unity/Starter/Python/build_opencv/CMakeFiles/CMakeTmp

Run Build Command(s):/usr/bin/make -f Makefile cmTC_22b41/fast && /Library/Developer/CommandLineTools/usr/bin/make  -f CMakeFiles/cmTC_22b41.dir/build.make CMakeFiles/cmTC_22b41.dir/build
Building C object CMakeFiles/cmTC_22b41.dir/CheckIncludeFile.c.o
/Library/Developer/CommandLineTools/usr/bin/cc   -fsigned-char -W -Wall -Werror=return-type -Werror=non-virtual-dtor -Werror=address -Werror=sequence-point -Wformat -Werror=format-security -Wmissing-declarations -Wmissing-prototypes -Wstrict-prototypes -Wundef -Winit-self -Wpointer-arith -Wshadow -Wsign-promo -Wuninitialized -Wno-delete-non-virtual-dtor -Wno-unnamed-type-template-args -Wno-comment -fdiagnostics-show-option -Wno-long-long -Qunused-arguments -Wno-semicolon-before-method-body -ffunction-sections -fdata-sections  -fvisibility=hidden -fvisibility-inlines-hidden  -O3 -DNDEBUG  -DNDEBUG -isysroot /Library/Developer/CommandLineTools/SDKs/MacOSX10.15.sdk -fPIE -MD -MT CMakeFiles/cmTC_22b41.dir/CheckIncludeFile.c.o -MF CMakeFiles/cmTC_22b41.dir/CheckIncludeFile.c.o.d -o CMakeFiles/cmTC_22b41.dir/CheckIncludeFile.c.o -c "/Users/nickmak/Documents/Programming/GitHub/CSE 199/Introduction-to-using-OpenCV-with-Unity/Starter/Python/build_opencv/CMakeFiles/CMakeTmp/CheckIncludeFile.c"
/Users/nickmak/Documents/Programming/GitHub/CSE 199/Introduction-to-using-OpenCV-with-Unity/Starter/Python/build_opencv/CMakeFiles/CMakeTmp/CheckIncludeFile.c:1:10: fatal error: 'malloc.h' file not found
#include <malloc.h>
         ^~~~~~~~~~
1 error generated.
make[1]: *** [CMakeFiles/cmTC_22b41.dir/CheckIncludeFile.c.o] Error 1
make: *** [cmTC_22b41/fast] Error 2



Determining size of off64_t failed with the following output:
Change Dir: /Users/nickmak/Documents/Programming/GitHub/CSE 199/Introduction-to-using-OpenCV-with-Unity/Starter/Python/build_opencv/CMakeFiles/CMakeTmp

Run Build Command(s):/usr/bin/make -f Makefile cmTC_7eb28/fast && /Library/Developer/CommandLineTools/usr/bin/make  -f CMakeFiles/cmTC_7eb28.dir/build.make CMakeFiles/cmTC_7eb28.dir/build
Building C object CMakeFiles/cmTC_7eb28.dir/OFF64_T.c.o
/Library/Developer/CommandLineTools/usr/bin/cc   -fsigned-char -W -Wall -Werror=return-type -Werror=non-virtual-dtor -Werror=address -Werror=sequence-point -Wformat -Werror=format-security -Wmissing-declarations -Wmissing-prototypes -Wstrict-prototypes -Wundef -Winit-self -Wpointer-arith -Wshadow -Wsign-promo -Wuninitialized -Wno-delete-non-virtual-dtor -Wno-unnamed-type-template-args -Wno-comment -fdiagnostics-show-option -Wno-long-long -Qunused-arguments -Wno-semicolon-before-method-body -ffunction-sections -fdata-sections  -fvisibility=hidden -fvisibility-inlines-hidden  -O3 -DNDEBUG  -DNDEBUG -isysroot /Library/Developer/CommandLineTools/SDKs/MacOSX10.15.sdk -fPIE -MD -MT CMakeFiles/cmTC_7eb28.dir/OFF64_T.c.o -MF CMakeFiles/cmTC_7eb28.dir/OFF64_T.c.o.d -o CMakeFiles/cmTC_7eb28.dir/OFF64_T.c.o -c "/Users/nickmak/Documents/Programming/GitHub/CSE 199/Introduction-to-using-OpenCV-with-Unity/Starter/Python/build_opencv/CMakeFiles/CheckTypeSize/OFF64_T.c"
/Users/nickmak/Documents/Programming/GitHub/CSE 199/Introduction-to-using-OpenCV-with-Unity/Starter/Python/build_opencv/CMakeFiles/CheckTypeSize/OFF64_T.c:29:12: error: use of undeclared identifier 'off64_t'
  ('0' + ((SIZE / 10000)%10)),
           ^
/Users/nickmak/Documents/Programming/GitHub/CSE 199/Introduction-to-using-OpenCV-with-Unity/Starter/Python/build_opencv/CMakeFiles/CheckTypeSize/OFF64_T.c:27:22: note: expanded from macro 'SIZE'
#define SIZE (sizeof(off64_t))
                     ^
/Users/nickmak/Documents/Programming/GitHub/CSE 199/Introduction-to-using-OpenCV-with-Unity/Starter/Python/build_opencv/CMakeFiles/CheckTypeSize/OFF64_T.c:30:12: error: use of undeclared identifier 'off64_t'
  ('0' + ((SIZE / 1000)%10)),
           ^
/Users/nickmak/Documents/Programming/GitHub/CSE 199/Introduction-to-using-OpenCV-with-Unity/Starter/Python/build_opencv/CMakeFiles/CheckTypeSize/OFF64_T.c:27:22: note: expanded from macro 'SIZE'
#define SIZE (sizeof(off64_t))
                     ^
/Users/nickmak/Documents/Programming/GitHub/CSE 199/Introduction-to-using-OpenCV-with-Unity/Starter/Python/build_opencv/CMakeFiles/CheckTypeSize/OFF64_T.c:31:12: error: use of undeclared identifier 'off64_t'
  ('0' + ((SIZE / 100)%10)),
           ^
/Users/nickmak/Documents/Programming/GitHub/CSE 199/Introduction-to-using-OpenCV-with-Unity/Starter/Python/build_opencv/CMakeFiles/CheckTypeSize/OFF64_T.c:27:22: note: expanded from macro 'SIZE'
#define SIZE (sizeof(off64_t))
                     ^
/Users/nickmak/Documents/Programming/GitHub/CSE 199/Introduction-to-using-OpenCV-with-Unity/Starter/Python/build_opencv/CMakeFiles/CheckTypeSize/OFF64_T.c:32:12: error: use of undeclared identifier 'off64_t'
  ('0' + ((SIZE / 10)%10)),
           ^
/Users/nickmak/Documents/Programming/GitHub/CSE 199/Introduction-to-using-OpenCV-with-Unity/Starter/Python/build_opencv/CMakeFiles/CheckTypeSize/OFF64_T.c:27:22: note: expanded from macro 'SIZE'
#define SIZE (sizeof(off64_t))
                     ^
/Users/nickmak/Documents/Programming/GitHub/CSE 199/Introduction-to-using-OpenCV-with-Unity/Starter/Python/build_opencv/CMakeFiles/CheckTypeSize/OFF64_T.c:33:12: error: use of undeclared identifier 'off64_t'
  ('0' +  (SIZE    % 10)),
           ^
/Users/nickmak/Documents/Programming/GitHub/CSE 199/Introduction-to-using-OpenCV-with-Unity/Starter/Python/build_opencv/CMakeFiles/CheckTypeSize/OFF64_T.c:27:22: note: expanded from macro 'SIZE'
#define SIZE (sizeof(off64_t))
                     ^
5 errors generated.
make[1]: *** [CMakeFiles/cmTC_7eb28.dir/OFF64_T.c.o] Error 1
make: *** [cmTC_7eb28/fast] Error 2


/Users/nickmak/Documents/Programming/GitHub/CSE 199/Introduction-to-using-OpenCV-with-Unity/Starter/Python/build_opencv/CMakeFiles/CheckTypeSize/OFF64_T.c:
#include <sys/types.h>
#include <stdint.h>
#include <stddef.h>


#undef KEY
#if defined(__i386)
# define KEY '_','_','i','3','8','6'
#elif defined(__x86_64)
# define KEY '_','_','x','8','6','_','6','4'
#elif defined(__PPC64__)
# define KEY '_','_','P','P','C','6','4','_','_'
#elif defined(__ppc64__)
# define KEY '_','_','p','p','c','6','4','_','_'
#elif defined(__PPC__)
# define KEY '_','_','P','P','C','_','_'
#elif defined(__ppc__)
# define KEY '_','_','p','p','c','_','_'
#elif defined(__aarch64__)
# define KEY '_','_','a','a','r','c','h','6','4','_','_'
#elif defined(__ARM_ARCH_7A__)
# define KEY '_','_','A','R','M','_','A','R','C','H','_','7','A','_','_'
#elif defined(__ARM_ARCH_7S__)
# define KEY '_','_','A','R','M','_','A','R','C','H','_','7','S','_','_'
#endif

#define SIZE (sizeof(off64_t))
static char info_size[] =  {'I', 'N', 'F', 'O', ':', 's','i','z','e','[',
  ('0' + ((SIZE / 10000)%10)),
  ('0' + ((SIZE / 1000)%10)),
  ('0' + ((SIZE / 100)%10)),
  ('0' + ((SIZE / 10)%10)),
  ('0' +  (SIZE    % 10)),
  ']',
#ifdef KEY
  ' ','k','e','y','[', KEY, ']',
#endif
  '\0'};

#ifdef __CLASSIC_C__
int main(argc, argv) int argc; char *argv[];
#else
int main(int argc, char *argv[])
#endif
{
  int require = 0;
  require += info_size[argc];
  (void)argv;
  return require;
}


Determining if the include file io.h exists failed with the following output:
Change Dir: /Users/nickmak/Documents/Programming/GitHub/CSE 199/Introduction-to-using-OpenCV-with-Unity/Starter/Python/build_opencv/CMakeFiles/CMakeTmp

Run Build Command(s):/usr/bin/make -f Makefile cmTC_ac575/fast && /Library/Developer/CommandLineTools/usr/bin/make  -f CMakeFiles/cmTC_ac575.dir/build.make CMakeFiles/cmTC_ac575.dir/build
Building C object CMakeFiles/cmTC_ac575.dir/CheckIncludeFile.c.o
/Library/Developer/CommandLineTools/usr/bin/cc   -fsigned-char -W -Wall -Werror=return-type -Werror=non-virtual-dtor -Werror=address -Werror=sequence-point -Wformat -Werror=format-security -Wmissing-declarations -Wmissing-prototypes -Wstrict-prototypes -Wundef -Winit-self -Wpointer-arith -Wshadow -Wsign-promo -Wuninitialized -Wno-delete-non-virtual-dtor -Wno-unnamed-type-template-args -Wno-comment -fdiagnostics-show-option -Wno-long-long -Qunused-arguments -Wno-semicolon-before-method-body -ffunction-sections -fdata-sections  -fvisibility=hidden -fvisibility-inlines-hidden  -O3 -DNDEBUG  -DNDEBUG -isysroot /Library/Developer/CommandLineTools/SDKs/MacOSX10.15.sdk -fPIE -MD -MT CMakeFiles/cmTC_ac575.dir/CheckIncludeFile.c.o -MF CMakeFiles/cmTC_ac575.dir/CheckIncludeFile.c.o.d -o CMakeFiles/cmTC_ac575.dir/CheckIncludeFile.c.o -c "/Users/nickmak/Documents/Programming/GitHub/CSE 199/Introduction-to-using-OpenCV-with-Unity/Starter/Python/build_opencv/CMakeFiles/CMakeTmp/CheckIncludeFile.c"
/Users/nickmak/Documents/Programming/GitHub/CSE 199/Introduction-to-using-OpenCV-with-Unity/Starter/Python/build_opencv/CMakeFiles/CMakeTmp/CheckIncludeFile.c:1:10: fatal error: 'io.h' file not found
#include <io.h>
         ^~~~~~
1 error generated.
make[1]: *** [CMakeFiles/cmTC_ac575.dir/CheckIncludeFile.c.o] Error 1
make: *** [cmTC_ac575/fast] Error 2



Determining size of INT8 failed with the following output:
Change Dir: /Users/nickmak/Documents/Programming/GitHub/CSE 199/Introduction-to-using-OpenCV-with-Unity/Starter/Python/build_opencv/CMakeFiles/CMakeTmp

Run Build Command(s):/usr/bin/make -f Makefile cmTC_3aa73/fast && /Library/Developer/CommandLineTools/usr/bin/make  -f CMakeFiles/cmTC_3aa73.dir/build.make CMakeFiles/cmTC_3aa73.dir/build
Building C object CMakeFiles/cmTC_3aa73.dir/int8.c.o
/Library/Developer/CommandLineTools/usr/bin/cc   -fsigned-char -W -Wall -Werror=return-type -Werror=non-virtual-dtor -Werror=address -Werror=sequence-point -Wformat -Werror=format-security -Wmissing-declarations -Wmissing-prototypes -Wstrict-prototypes -Wundef -Winit-self -Wpointer-arith -Wshadow -Wsign-promo -Wuninitialized -Wno-delete-non-virtual-dtor -Wno-unnamed-type-template-args -Wno-comment -fdiagnostics-show-option -Wno-long-long -Qunused-arguments -Wno-semicolon-before-method-body -ffunction-sections -fdata-sections  -fvisibility=hidden -fvisibility-inlines-hidden  -O3 -DNDEBUG  -DNDEBUG -isysroot /Library/Developer/CommandLineTools/SDKs/MacOSX10.15.sdk -fPIE -MD -MT CMakeFiles/cmTC_3aa73.dir/int8.c.o -MF CMakeFiles/cmTC_3aa73.dir/int8.c.o.d -o CMakeFiles/cmTC_3aa73.dir/int8.c.o -c "/Users/nickmak/Documents/Programming/GitHub/CSE 199/Introduction-to-using-OpenCV-with-Unity/Starter/Python/build_opencv/CMakeFiles/CheckTypeSize/int8.c"
/Users/nickmak/Documents/Programming/GitHub/CSE 199/Introduction-to-using-OpenCV-with-Unity/Starter/Python/build_opencv/CMakeFiles/CheckTypeSize/int8.c:29:12: error: use of undeclared identifier 'INT8'
  ('0' + ((SIZE / 10000)%10)),
           ^
/Users/nickmak/Documents/Programming/GitHub/CSE 199/Introduction-to-using-OpenCV-with-Unity/Starter/Python/build_opencv/CMakeFiles/CheckTypeSize/int8.c:27:22: note: expanded from macro 'SIZE'
#define SIZE (sizeof(INT8))
                     ^
/Users/nickmak/Documents/Programming/GitHub/CSE 199/Introduction-to-using-OpenCV-with-Unity/Starter/Python/build_opencv/CMakeFiles/CheckTypeSize/int8.c:30:12: error: use of undeclared identifier 'INT8'
  ('0' + ((SIZE / 1000)%10)),
           ^
/Users/nickmak/Documents/Programming/GitHub/CSE 199/Introduction-to-using-OpenCV-with-Unity/Starter/Python/build_opencv/CMakeFiles/CheckTypeSize/int8.c:27:22: note: expanded from macro 'SIZE'
#define SIZE (sizeof(INT8))
                     ^
/Users/nickmak/Documents/Programming/GitHub/CSE 199/Introduction-to-using-OpenCV-with-Unity/Starter/Python/build_opencv/CMakeFiles/CheckTypeSize/int8.c:31:12: error: use of undeclared identifier 'INT8'
  ('0' + ((SIZE / 100)%10)),
           ^
/Users/nickmak/Documents/Programming/GitHub/CSE 199/Introduction-to-using-OpenCV-with-Unity/Starter/Python/build_opencv/CMakeFiles/CheckTypeSize/int8.c:27:22: note: expanded from macro 'SIZE'
#define SIZE (sizeof(INT8))
                     ^
/Users/nickmak/Documents/Programming/GitHub/CSE 199/Introduction-to-using-OpenCV-with-Unity/Starter/Python/build_opencv/CMakeFiles/CheckTypeSize/int8.c:32:12: error: use of undeclared identifier 'INT8'
  ('0' + ((SIZE / 10)%10)),
           ^
/Users/nickmak/Documents/Programming/GitHub/CSE 199/Introduction-to-using-OpenCV-with-Unity/Starter/Python/build_opencv/CMakeFiles/CheckTypeSize/int8.c:27:22: note: expanded from macro 'SIZE'
#define SIZE (sizeof(INT8))
                     ^
/Users/nickmak/Documents/Programming/GitHub/CSE 199/Introduction-to-using-OpenCV-with-Unity/Starter/Python/build_opencv/CMakeFiles/CheckTypeSize/int8.c:33:12: error: use of undeclared identifier 'INT8'
  ('0' +  (SIZE    % 10)),
           ^
/Users/nickmak/Documents/Programming/GitHub/CSE 199/Introduction-to-using-OpenCV-with-Unity/Starter/Python/build_opencv/CMakeFiles/CheckTypeSize/int8.c:27:22: note: expanded from macro 'SIZE'
#define SIZE (sizeof(INT8))
                     ^
5 errors generated.
make[1]: *** [CMakeFiles/cmTC_3aa73.dir/int8.c.o] Error 1
make: *** [cmTC_3aa73/fast] Error 2


/Users/nickmak/Documents/Programming/GitHub/CSE 199/Introduction-to-using-OpenCV-with-Unity/Starter/Python/build_opencv/CMakeFiles/CheckTypeSize/int8.c:
#include <sys/types.h>
#include <stdint.h>
#include <stddef.h>


#undef KEY
#if defined(__i386)
# define KEY '_','_','i','3','8','6'
#elif defined(__x86_64)
# define KEY '_','_','x','8','6','_','6','4'
#elif defined(__PPC64__)
# define KEY '_','_','P','P','C','6','4','_','_'
#elif defined(__ppc64__)
# define KEY '_','_','p','p','c','6','4','_','_'
#elif defined(__PPC__)
# define KEY '_','_','P','P','C','_','_'
#elif defined(__ppc__)
# define KEY '_','_','p','p','c','_','_'
#elif defined(__aarch64__)
# define KEY '_','_','a','a','r','c','h','6','4','_','_'
#elif defined(__ARM_ARCH_7A__)
# define KEY '_','_','A','R','M','_','A','R','C','H','_','7','A','_','_'
#elif defined(__ARM_ARCH_7S__)
# define KEY '_','_','A','R','M','_','A','R','C','H','_','7','S','_','_'
#endif

#define SIZE (sizeof(INT8))
static char info_size[] =  {'I', 'N', 'F', 'O', ':', 's','i','z','e','[',
  ('0' + ((SIZE / 10000)%10)),
  ('0' + ((SIZE / 1000)%10)),
  ('0' + ((SIZE / 100)%10)),
  ('0' + ((SIZE / 10)%10)),
  ('0' +  (SIZE    % 10)),
  ']',
#ifdef KEY
  ' ','k','e','y','[', KEY, ']',
#endif
  '\0'};

#ifdef __CLASSIC_C__
int main(argc, argv) int argc; char *argv[];
#else
int main(int argc, char *argv[])
#endif
{
  int require = 0;
  require += info_size[argc];
  (void)argv;
  return require;
}


Determining size of INT16 failed with the following output:
Change Dir: /Users/nickmak/Documents/Programming/GitHub/CSE 199/Introduction-to-using-OpenCV-with-Unity/Starter/Python/build_opencv/CMakeFiles/CMakeTmp

Run Build Command(s):/usr/bin/make -f Makefile cmTC_9e135/fast && /Library/Developer/CommandLineTools/usr/bin/make  -f CMakeFiles/cmTC_9e135.dir/build.make CMakeFiles/cmTC_9e135.dir/build
Building C object CMakeFiles/cmTC_9e135.dir/int16.c.o
/Library/Developer/CommandLineTools/usr/bin/cc   -fsigned-char -W -Wall -Werror=return-type -Werror=non-virtual-dtor -Werror=address -Werror=sequence-point -Wformat -Werror=format-security -Wmissing-declarations -Wmissing-prototypes -Wstrict-prototypes -Wundef -Winit-self -Wpointer-arith -Wshadow -Wsign-promo -Wuninitialized -Wno-delete-non-virtual-dtor -Wno-unnamed-type-template-args -Wno-comment -fdiagnostics-show-option -Wno-long-long -Qunused-arguments -Wno-semicolon-before-method-body -ffunction-sections -fdata-sections  -fvisibility=hidden -fvisibility-inlines-hidden  -O3 -DNDEBUG  -DNDEBUG -isysroot /Library/Developer/CommandLineTools/SDKs/MacOSX10.15.sdk -fPIE -MD -MT CMakeFiles/cmTC_9e135.dir/int16.c.o -MF CMakeFiles/cmTC_9e135.dir/int16.c.o.d -o CMakeFiles/cmTC_9e135.dir/int16.c.o -c "/Users/nickmak/Documents/Programming/GitHub/CSE 199/Introduction-to-using-OpenCV-with-Unity/Starter/Python/build_opencv/CMakeFiles/CheckTypeSize/int16.c"
/Users/nickmak/Documents/Programming/GitHub/CSE 199/Introduction-to-using-OpenCV-with-Unity/Starter/Python/build_opencv/CMakeFiles/CheckTypeSize/int16.c:29:12: error: use of undeclared identifier 'INT16'
  ('0' + ((SIZE / 10000)%10)),
           ^
/Users/nickmak/Documents/Programming/GitHub/CSE 199/Introduction-to-using-OpenCV-with-Unity/Starter/Python/build_opencv/CMakeFiles/CheckTypeSize/int16.c:27:22: note: expanded from macro 'SIZE'
#define SIZE (sizeof(INT16))
                     ^
/Users/nickmak/Documents/Programming/GitHub/CSE 199/Introduction-to-using-OpenCV-with-Unity/Starter/Python/build_opencv/CMakeFiles/CheckTypeSize/int16.c:30:12: error: use of undeclared identifier 'INT16'
  ('0' + ((SIZE / 1000)%10)),
           ^
/Users/nickmak/Documents/Programming/GitHub/CSE 199/Introduction-to-using-OpenCV-with-Unity/Starter/Python/build_opencv/CMakeFiles/CheckTypeSize/int16.c:27:22: note: expanded from macro 'SIZE'
#define SIZE (sizeof(INT16))
                     ^
/Users/nickmak/Documents/Programming/GitHub/CSE 199/Introduction-to-using-OpenCV-with-Unity/Starter/Python/build_opencv/CMakeFiles/CheckTypeSize/int16.c:31:12: error: use of undeclared identifier 'INT16'
  ('0' + ((SIZE / 100)%10)),
           ^
/Users/nickmak/Documents/Programming/GitHub/CSE 199/Introduction-to-using-OpenCV-with-Unity/Starter/Python/build_opencv/CMakeFiles/CheckTypeSize/int16.c:27:22: note: expanded from macro 'SIZE'
#define SIZE (sizeof(INT16))
                     ^
/Users/nickmak/Documents/Programming/GitHub/CSE 199/Introduction-to-using-OpenCV-with-Unity/Starter/Python/build_opencv/CMakeFiles/CheckTypeSize/int16.c:32:12: error: use of undeclared identifier 'INT16'
  ('0' + ((SIZE / 10)%10)),
           ^
/Users/nickmak/Documents/Programming/GitHub/CSE 199/Introduction-to-using-OpenCV-with-Unity/Starter/Python/build_opencv/CMakeFiles/CheckTypeSize/int16.c:27:22: note: expanded from macro 'SIZE'
#define SIZE (sizeof(INT16))
                     ^
/Users/nickmak/Documents/Programming/GitHub/CSE 199/Introduction-to-using-OpenCV-with-Unity/Starter/Python/build_opencv/CMakeFiles/CheckTypeSize/int16.c:33:12: error: use of undeclared identifier 'INT16'
  ('0' +  (SIZE    % 10)),
           ^
/Users/nickmak/Documents/Programming/GitHub/CSE 199/Introduction-to-using-OpenCV-with-Unity/Starter/Python/build_opencv/CMakeFiles/CheckTypeSize/int16.c:27:22: note: expanded from macro 'SIZE'
#define SIZE (sizeof(INT16))
                     ^
5 errors generated.
make[1]: *** [CMakeFiles/cmTC_9e135.dir/int16.c.o] Error 1
make: *** [cmTC_9e135/fast] Error 2


/Users/nickmak/Documents/Programming/GitHub/CSE 199/Introduction-to-using-OpenCV-with-Unity/Starter/Python/build_opencv/CMakeFiles/CheckTypeSize/int16.c:
#include <sys/types.h>
#include <stdint.h>
#include <stddef.h>


#undef KEY
#if defined(__i386)
# define KEY '_','_','i','3','8','6'
#elif defined(__x86_64)
# define KEY '_','_','x','8','6','_','6','4'
#elif defined(__PPC64__)
# define KEY '_','_','P','P','C','6','4','_','_'
#elif defined(__ppc64__)
# define KEY '_','_','p','p','c','6','4','_','_'
#elif defined(__PPC__)
# define KEY '_','_','P','P','C','_','_'
#elif defined(__ppc__)
# define KEY '_','_','p','p','c','_','_'
#elif defined(__aarch64__)
# define KEY '_','_','a','a','r','c','h','6','4','_','_'
#elif defined(__ARM_ARCH_7A__)
# define KEY '_','_','A','R','M','_','A','R','C','H','_','7','A','_','_'
#elif defined(__ARM_ARCH_7S__)
# define KEY '_','_','A','R','M','_','A','R','C','H','_','7','S','_','_'
#endif

#define SIZE (sizeof(INT16))
static char info_size[] =  {'I', 'N', 'F', 'O', ':', 's','i','z','e','[',
  ('0' + ((SIZE / 10000)%10)),
  ('0' + ((SIZE / 1000)%10)),
  ('0' + ((SIZE / 100)%10)),
  ('0' + ((SIZE / 10)%10)),
  ('0' +  (SIZE    % 10)),
  ']',
#ifdef KEY
  ' ','k','e','y','[', KEY, ']',
#endif
  '\0'};

#ifdef __CLASSIC_C__
int main(argc, argv) int argc; char *argv[];
#else
int main(int argc, char *argv[])
#endif
{
  int require = 0;
  require += info_size[argc];
  (void)argv;
  return require;
}


Determining size of INT32 failed with the following output:
Change Dir: /Users/nickmak/Documents/Programming/GitHub/CSE 199/Introduction-to-using-OpenCV-with-Unity/Starter/Python/build_opencv/CMakeFiles/CMakeTmp

Run Build Command(s):/usr/bin/make -f Makefile cmTC_74d67/fast && /Library/Developer/CommandLineTools/usr/bin/make  -f CMakeFiles/cmTC_74d67.dir/build.make CMakeFiles/cmTC_74d67.dir/build
Building C object CMakeFiles/cmTC_74d67.dir/int32.c.o
/Library/Developer/CommandLineTools/usr/bin/cc   -fsigned-char -W -Wall -Werror=return-type -Werror=non-virtual-dtor -Werror=address -Werror=sequence-point -Wformat -Werror=format-security -Wmissing-declarations -Wmissing-prototypes -Wstrict-prototypes -Wundef -Winit-self -Wpointer-arith -Wshadow -Wsign-promo -Wuninitialized -Wno-delete-non-virtual-dtor -Wno-unnamed-type-template-args -Wno-comment -fdiagnostics-show-option -Wno-long-long -Qunused-arguments -Wno-semicolon-before-method-body -ffunction-sections -fdata-sections  -fvisibility=hidden -fvisibility-inlines-hidden  -O3 -DNDEBUG  -DNDEBUG -isysroot /Library/Developer/CommandLineTools/SDKs/MacOSX10.15.sdk -fPIE -MD -MT CMakeFiles/cmTC_74d67.dir/int32.c.o -MF CMakeFiles/cmTC_74d67.dir/int32.c.o.d -o CMakeFiles/cmTC_74d67.dir/int32.c.o -c "/Users/nickmak/Documents/Programming/GitHub/CSE 199/Introduction-to-using-OpenCV-with-Unity/Starter/Python/build_opencv/CMakeFiles/CheckTypeSize/int32.c"
/Users/nickmak/Documents/Programming/GitHub/CSE 199/Introduction-to-using-OpenCV-with-Unity/Starter/Python/build_opencv/CMakeFiles/CheckTypeSize/int32.c:29:12: error: use of undeclared identifier 'INT32'
  ('0' + ((SIZE / 10000)%10)),
           ^
/Users/nickmak/Documents/Programming/GitHub/CSE 199/Introduction-to-using-OpenCV-with-Unity/Starter/Python/build_opencv/CMakeFiles/CheckTypeSize/int32.c:27:22: note: expanded from macro 'SIZE'
#define SIZE (sizeof(INT32))
                     ^
/Users/nickmak/Documents/Programming/GitHub/CSE 199/Introduction-to-using-OpenCV-with-Unity/Starter/Python/build_opencv/CMakeFiles/CheckTypeSize/int32.c:30:12: error: use of undeclared identifier 'INT32'
  ('0' + ((SIZE / 1000)%10)),
           ^
/Users/nickmak/Documents/Programming/GitHub/CSE 199/Introduction-to-using-OpenCV-with-Unity/Starter/Python/build_opencv/CMakeFiles/CheckTypeSize/int32.c:27:22: note: expanded from macro 'SIZE'
#define SIZE (sizeof(INT32))
                     ^
/Users/nickmak/Documents/Programming/GitHub/CSE 199/Introduction-to-using-OpenCV-with-Unity/Starter/Python/build_opencv/CMakeFiles/CheckTypeSize/int32.c:31:12: error: use of undeclared identifier 'INT32'
  ('0' + ((SIZE / 100)%10)),
           ^
/Users/nickmak/Documents/Programming/GitHub/CSE 199/Introduction-to-using-OpenCV-with-Unity/Starter/Python/build_opencv/CMakeFiles/CheckTypeSize/int32.c:27:22: note: expanded from macro 'SIZE'
#define SIZE (sizeof(INT32))
                     ^
/Users/nickmak/Documents/Programming/GitHub/CSE 199/Introduction-to-using-OpenCV-with-Unity/Starter/Python/build_opencv/CMakeFiles/CheckTypeSize/int32.c:32:12: error: use of undeclared identifier 'INT32'
  ('0' + ((SIZE / 10)%10)),
           ^
/Users/nickmak/Documents/Programming/GitHub/CSE 199/Introduction-to-using-OpenCV-with-Unity/Starter/Python/build_opencv/CMakeFiles/CheckTypeSize/int32.c:27:22: note: expanded from macro 'SIZE'
#define SIZE (sizeof(INT32))
                     ^
/Users/nickmak/Documents/Programming/GitHub/CSE 199/Introduction-to-using-OpenCV-with-Unity/Starter/Python/build_opencv/CMakeFiles/CheckTypeSize/int32.c:33:12: error: use of undeclared identifier 'INT32'
  ('0' +  (SIZE    % 10)),
           ^
/Users/nickmak/Documents/Programming/GitHub/CSE 199/Introduction-to-using-OpenCV-with-Unity/Starter/Python/build_opencv/CMakeFiles/CheckTypeSize/int32.c:27:22: note: expanded from macro 'SIZE'
#define SIZE (sizeof(INT32))
                     ^
5 errors generated.
make[1]: *** [CMakeFiles/cmTC_74d67.dir/int32.c.o] Error 1
make: *** [cmTC_74d67/fast] Error 2


/Users/nickmak/Documents/Programming/GitHub/CSE 199/Introduction-to-using-OpenCV-with-Unity/Starter/Python/build_opencv/CMakeFiles/CheckTypeSize/int32.c:
#include <sys/types.h>
#include <stdint.h>
#include <stddef.h>


#undef KEY
#if defined(__i386)
# define KEY '_','_','i','3','8','6'
#elif defined(__x86_64)
# define KEY '_','_','x','8','6','_','6','4'
#elif defined(__PPC64__)
# define KEY '_','_','P','P','C','6','4','_','_'
#elif defined(__ppc64__)
# define KEY '_','_','p','p','c','6','4','_','_'
#elif defined(__PPC__)
# define KEY '_','_','P','P','C','_','_'
#elif defined(__ppc__)
# define KEY '_','_','p','p','c','_','_'
#elif defined(__aarch64__)
# define KEY '_','_','a','a','r','c','h','6','4','_','_'
#elif defined(__ARM_ARCH_7A__)
# define KEY '_','_','A','R','M','_','A','R','C','H','_','7','A','_','_'
#elif defined(__ARM_ARCH_7S__)
# define KEY '_','_','A','R','M','_','A','R','C','H','_','7','S','_','_'
#endif

#define SIZE (sizeof(INT32))
static char info_size[] =  {'I', 'N', 'F', 'O', ':', 's','i','z','e','[',
  ('0' + ((SIZE / 10000)%10)),
  ('0' + ((SIZE / 1000)%10)),
  ('0' + ((SIZE / 100)%10)),
  ('0' + ((SIZE / 10)%10)),
  ('0' +  (SIZE    % 10)),
  ']',
#ifdef KEY
  ' ','k','e','y','[', KEY, ']',
#endif
  '\0'};

#ifdef __CLASSIC_C__
int main(argc, argv) int argc; char *argv[];
#else
int main(int argc, char *argv[])
#endif
{
  int require = 0;
  require += info_size[argc];
  (void)argv;
  return require;
}


Build output check failed:
    Regex: 'unknown .*option'
    Output line: 'warning: unknown warning option '-Wno-unused-but-set-variable', did you mean '-Wno-unused-const-variable'? [-Wunknown-warning-option]'
Compilation failed:
    source file: '/Users/nickmak/Documents/Programming/GitHub/CSE 199/Introduction-to-using-OpenCV-with-Unity/Starter/Python/build_opencv/CMakeFiles/CMakeTmp/src.c'
    check option: ' -Wno-unused-but-set-variable'
===== BUILD LOG =====
Change Dir: /Users/nickmak/Documents/Programming/GitHub/CSE 199/Introduction-to-using-OpenCV-with-Unity/Starter/Python/build_opencv/CMakeFiles/CMakeTmp

Run Build Command(s):/usr/bin/make -f Makefile cmTC_8b1ab/fast && /Library/Developer/CommandLineTools/usr/bin/make  -f CMakeFiles/cmTC_8b1ab.dir/build.make CMakeFiles/cmTC_8b1ab.dir/build
Building C object CMakeFiles/cmTC_8b1ab.dir/src.c.o
/Library/Developer/CommandLineTools/usr/bin/cc   -fsigned-char -W -Wall -Werror=return-type -Werror=non-virtual-dtor -Werror=address -Werror=sequence-point -Wformat -Werror=format-security -Wmissing-declarations -Wmissing-prototypes -Wstrict-prototypes -Wundef -Winit-self -Wpointer-arith -Wshadow -Wsign-promo -Wuninitialized -Wno-delete-non-virtual-dtor -Wno-unnamed-type-template-args -Wno-comment -fdiagnostics-show-option -Wno-long-long -Qunused-arguments -Wno-semicolon-before-method-body -ffunction-sections -fdata-sections  -fvisibility=hidden -fvisibility-inlines-hidden  -O3 -DNDEBUG  -DNDEBUG -isysroot /Library/Developer/CommandLineTools/SDKs/MacOSX10.15.sdk -fPIE    -Wno-unused-but-set-variable -MD -MT CMakeFiles/cmTC_8b1ab.dir/src.c.o -MF CMakeFiles/cmTC_8b1ab.dir/src.c.o.d -o CMakeFiles/cmTC_8b1ab.dir/src.c.o -c "/Users/nickmak/Documents/Programming/GitHub/CSE 199/Introduction-to-using-OpenCV-with-Unity/Starter/Python/build_opencv/CMakeFiles/CMakeTmp/src.c"
warning: unknown warning option '-Wno-unused-but-set-variable'; did you mean '-Wno-unused-const-variable'? [-Wunknown-warning-option]
/Users/nickmak/Documents/Programming/GitHub/CSE 199/Introduction-to-using-OpenCV-with-Unity/Starter/Python/build_opencv/CMakeFiles/CMakeTmp/src.c:1:8: warning: unknown pragma ignored [-Wunknown-pragmas]
#pragma
       ^
2 warnings generated.
Linking C executable cmTC_8b1ab
/usr/local/Cellar/cmake/3.20.2/bin/cmake -E cmake_link_script CMakeFiles/cmTC_8b1ab.dir/link.txt --verbose=1
/Library/Developer/CommandLineTools/usr/bin/cc    -fsigned-char -W -Wall -Werror=return-type -Werror=non-virtual-dtor -Werror=address -Werror=sequence-point -Wformat -Werror=format-security -Wmissing-declarations -Wmissing-prototypes -Wstrict-prototypes -Wundef -Winit-self -Wpointer-arith -Wshadow -Wsign-promo -Wuninitialized -Wno-delete-non-virtual-dtor -Wno-unnamed-type-template-args -Wno-comment -fdiagnostics-show-option -Wno-long-long -Qunused-arguments -Wno-semicolon-before-method-body -ffunction-sections -fdata-sections  -fvisibility=hidden -fvisibility-inlines-hidden  -O3 -DNDEBUG  -DNDEBUG -isysroot /Library/Developer/CommandLineTools/SDKs/MacOSX10.15.sdk -Wl,-search_paths_first -Wl,-headerpad_max_install_names   -Wl,-dead_strip  CMakeFiles/cmTC_8b1ab.dir/src.c.o -o cmTC_8b1ab 


===== END =====

Build output check failed:
    Regex: 'unknown .*option'
    Output line: 'warning: unknown warning option '-Wno-maybe-uninitialized', did you mean '-Wno-uninitialized'? [-Wunknown-warning-option]'
Compilation failed:
    source file: '/Users/nickmak/Documents/Programming/GitHub/CSE 199/Introduction-to-using-OpenCV-with-Unity/Starter/Python/build_opencv/CMakeFiles/CMakeTmp/src.c'
    check option: ' -Wno-maybe-uninitialized'
===== BUILD LOG =====
Change Dir: /Users/nickmak/Documents/Programming/GitHub/CSE 199/Introduction-to-using-OpenCV-with-Unity/Starter/Python/build_opencv/CMakeFiles/CMakeTmp

Run Build Command(s):/usr/bin/make -f Makefile cmTC_8656b/fast && /Library/Developer/CommandLineTools/usr/bin/make  -f CMakeFiles/cmTC_8656b.dir/build.make CMakeFiles/cmTC_8656b.dir/build
Building C object CMakeFiles/cmTC_8656b.dir/src.c.o
/Library/Developer/CommandLineTools/usr/bin/cc   -fsigned-char -W -Wall -Werror=return-type -Werror=non-virtual-dtor -Werror=address -Werror=sequence-point -Wformat -Werror=format-security -Wstrict-prototypes -Winit-self -Wpointer-arith -Wsign-promo -Wuninitialized -Wno-delete-non-virtual-dtor -Wno-unnamed-type-template-args -Wno-comment -fdiagnostics-show-option -Wno-long-long -Qunused-arguments -Wno-semicolon-before-method-body -ffunction-sections -fdata-sections  -fvisibility=hidden -fvisibility-inlines-hidden -Wno-missing-prototypes -Wno-missing-declarations -Wno-undef -Wno-unused -Wno-sign-compare -Wno-cast-align -Wno-shadow  -O3 -DNDEBUG  -DNDEBUG -isysroot /Library/Developer/CommandLineTools/SDKs/MacOSX10.15.sdk -fPIE    -Wno-maybe-uninitialized -MD -MT CMakeFiles/cmTC_8656b.dir/src.c.o -MF CMakeFiles/cmTC_8656b.dir/src.c.o.d -o CMakeFiles/cmTC_8656b.dir/src.c.o -c "/Users/nickmak/Documents/Programming/GitHub/CSE 199/Introduction-to-using-OpenCV-with-Unity/Starter/Python/build_opencv/CMakeFiles/CMakeTmp/src.c"
warning: unknown warning option '-Wno-maybe-uninitialized'; did you mean '-Wno-uninitialized'? [-Wunknown-warning-option]
/Users/nickmak/Documents/Programming/GitHub/CSE 199/Introduction-to-using-OpenCV-with-Unity/Starter/Python/build_opencv/CMakeFiles/CMakeTmp/src.c:1:8: warning: unknown pragma ignored [-Wunknown-pragmas]
#pragma
       ^
2 warnings generated.
Linking C executable cmTC_8656b
/usr/local/Cellar/cmake/3.20.2/bin/cmake -E cmake_link_script CMakeFiles/cmTC_8656b.dir/link.txt --verbose=1
/Library/Developer/CommandLineTools/usr/bin/cc    -fsigned-char -W -Wall -Werror=return-type -Werror=non-virtual-dtor -Werror=address -Werror=sequence-point -Wformat -Werror=format-security -Wstrict-prototypes -Winit-self -Wpointer-arith -Wsign-promo -Wuninitialized -Wno-delete-non-virtual-dtor -Wno-unnamed-type-template-args -Wno-comment -fdiagnostics-show-option -Wno-long-long -Qunused-arguments -Wno-semicolon-before-method-body -ffunction-sections -fdata-sections  -fvisibility=hidden -fvisibility-inlines-hidden -Wno-missing-prototypes -Wno-missing-declarations -Wno-undef -Wno-unused -Wno-sign-compare -Wno-cast-align -Wno-shadow  -O3 -DNDEBUG  -DNDEBUG -isysroot /Library/Developer/CommandLineTools/SDKs/MacOSX10.15.sdk -Wl,-search_paths_first -Wl,-headerpad_max_install_names   -Wl,-dead_strip  CMakeFiles/cmTC_8656b.dir/src.c.o -o cmTC_8656b 


===== END =====

Build output check failed:
    Regex: 'unknown .*option'
    Output line: 'warning: unknown warning option '-Wno-implicit-const-int-float-conversion', did you mean '-Wno-implicit-int-float-conversion'? [-Wunknown-warning-option]'
Compilation failed:
    source file: '/Users/nickmak/Documents/Programming/GitHub/CSE 199/Introduction-to-using-OpenCV-with-Unity/Starter/Python/build_opencv/CMakeFiles/CMakeTmp/src.c'
    check option: ' -Wno-implicit-const-int-float-conversion'
===== BUILD LOG =====
Change Dir: /Users/nickmak/Documents/Programming/GitHub/CSE 199/Introduction-to-using-OpenCV-with-Unity/Starter/Python/build_opencv/CMakeFiles/CMakeTmp

Run Build Command(s):/usr/bin/make -f Makefile cmTC_07135/fast && /Library/Developer/CommandLineTools/usr/bin/make  -f CMakeFiles/cmTC_07135.dir/build.make CMakeFiles/cmTC_07135.dir/build
Building C object CMakeFiles/cmTC_07135.dir/src.c.o
/Library/Developer/CommandLineTools/usr/bin/cc   -fsigned-char -W -Wall -Werror=return-type -Werror=non-virtual-dtor -Werror=address -Werror=sequence-point -Wformat -Werror=format-security -Wmissing-declarations -Wmissing-prototypes -Wstrict-prototypes -Wundef -Winit-self -Wpointer-arith -Wshadow -Wsign-promo -Wuninitialized -Wno-delete-non-virtual-dtor -Wno-unnamed-type-template-args -Wno-comment -fdiagnostics-show-option -Wno-long-long -Qunused-arguments -Wno-semicolon-before-method-body -ffunction-sections -fdata-sections  -fvisibility=hidden -fvisibility-inlines-hidden  -O3 -DNDEBUG  -DNDEBUG -isysroot /Library/Developer/CommandLineTools/SDKs/MacOSX10.15.sdk -fPIE    -Wno-implicit-const-int-float-conversion -MD -MT CMakeFiles/cmTC_07135.dir/src.c.o -MF CMakeFiles/cmTC_07135.dir/src.c.o.d -o CMakeFiles/cmTC_07135.dir/src.c.o -c "/Users/nickmak/Documents/Programming/GitHub/CSE 199/Introduction-to-using-OpenCV-with-Unity/Starter/Python/build_opencv/CMakeFiles/CMakeTmp/src.c"
warning: unknown warning option '-Wno-implicit-const-int-float-conversion'; did you mean '-Wno-implicit-int-float-conversion'? [-Wunknown-warning-option]
/Users/nickmak/Documents/Programming/GitHub/CSE 199/Introduction-to-using-OpenCV-with-Unity/Starter/Python/build_opencv/CMakeFiles/CMakeTmp/src.c:1:8: warning: unknown pragma ignored [-Wunknown-pragmas]
#pragma
       ^
2 warnings generated.
Linking C executable cmTC_07135
/usr/local/Cellar/cmake/3.20.2/bin/cmake -E cmake_link_script CMakeFiles/cmTC_07135.dir/link.txt --verbose=1
/Library/Developer/CommandLineTools/usr/bin/cc    -fsigned-char -W -Wall -Werror=return-type -Werror=non-virtual-dtor -Werror=address -Werror=sequence-point -Wformat -Werror=format-security -Wmissing-declarations -Wmissing-prototypes -Wstrict-prototypes -Wundef -Winit-self -Wpointer-arith -Wshadow -Wsign-promo -Wuninitialized -Wno-delete-non-virtual-dtor -Wno-unnamed-type-template-args -Wno-comment -fdiagnostics-show-option -Wno-long-long -Qunused-arguments -Wno-semicolon-before-method-body -ffunction-sections -fdata-sections  -fvisibility=hidden -fvisibility-inlines-hidden  -O3 -DNDEBUG  -DNDEBUG -isysroot /Library/Developer/CommandLineTools/SDKs/MacOSX10.15.sdk -Wl,-search_paths_first -Wl,-headerpad_max_install_names   -Wl,-dead_strip  CMakeFiles/cmTC_07135.dir/src.c.o -o cmTC_07135 


===== END =====

Determining if files malloc.h exist failed with the following output:
Change Dir: /Users/nickmak/Documents/Programming/GitHub/CSE 199/Introduction-to-using-OpenCV-with-Unity/Starter/Python/build_opencv/CMakeFiles/CMakeTmp

Run Build Command(s):/usr/bin/make -f Makefile cmTC_e26dd/fast && /Library/Developer/CommandLineTools/usr/bin/make  -f CMakeFiles/cmTC_e26dd.dir/build.make CMakeFiles/cmTC_e26dd.dir/build
Building C object CMakeFiles/cmTC_e26dd.dir/OPJ_HAVE_MALLOC_H.c.o
/Library/Developer/CommandLineTools/usr/bin/cc   -fsigned-char -W -Wall -Werror=return-type -Werror=non-virtual-dtor -Werror=address -Werror=sequence-point -Wformat -Werror=format-security -Wmissing-declarations -Wmissing-prototypes -Wstrict-prototypes -Wundef -Winit-self -Wpointer-arith -Wshadow -Wsign-promo -Wuninitialized -Wno-delete-non-virtual-dtor -Wno-unnamed-type-template-args -Wno-comment -fdiagnostics-show-option -Wno-long-long -Qunused-arguments -Wno-semicolon-before-method-body -ffunction-sections -fdata-sections  -fvisibility=hidden -fvisibility-inlines-hidden  -O3 -DNDEBUG  -DNDEBUG -isysroot /Library/Developer/CommandLineTools/SDKs/MacOSX10.15.sdk -fPIE -MD -MT CMakeFiles/cmTC_e26dd.dir/OPJ_HAVE_MALLOC_H.c.o -MF CMakeFiles/cmTC_e26dd.dir/OPJ_HAVE_MALLOC_H.c.o.d -o CMakeFiles/cmTC_e26dd.dir/OPJ_HAVE_MALLOC_H.c.o -c "/Users/nickmak/Documents/Programming/GitHub/CSE 199/Introduction-to-using-OpenCV-with-Unity/Starter/Python/build_opencv/CMakeFiles/CheckIncludeFiles/OPJ_HAVE_MALLOC_H.c"
/Users/nickmak/Documents/Programming/GitHub/CSE 199/Introduction-to-using-OpenCV-with-Unity/Starter/Python/build_opencv/CMakeFiles/CheckIncludeFiles/OPJ_HAVE_MALLOC_H.c:2:10: fatal error: 'malloc.h' file not found
#include <malloc.h>
         ^~~~~~~~~~
1 error generated.
make[1]: *** [CMakeFiles/cmTC_e26dd.dir/OPJ_HAVE_MALLOC_H.c.o] Error 1
make: *** [cmTC_e26dd/fast] Error 2


Source:
/* */
#include <malloc.h>


int main(void){return 0;}

Determining if the _aligned_malloc exist failed with the following output:
Change Dir: /Users/nickmak/Documents/Programming/GitHub/CSE 199/Introduction-to-using-OpenCV-with-Unity/Starter/Python/build_opencv/CMakeFiles/CMakeTmp

Run Build Command(s):/usr/bin/make -f Makefile cmTC_fdf34/fast && /Library/Developer/CommandLineTools/usr/bin/make  -f CMakeFiles/cmTC_fdf34.dir/build.make CMakeFiles/cmTC_fdf34.dir/build
Building C object CMakeFiles/cmTC_fdf34.dir/CheckSymbolExists.c.o
/Library/Developer/CommandLineTools/usr/bin/cc   -fsigned-char -W -Wall -Werror=return-type -Werror=non-virtual-dtor -Werror=address -Werror=sequence-point -Wformat -Werror=format-security -Wmissing-declarations -Wmissing-prototypes -Wstrict-prototypes -Wundef -Winit-self -Wpointer-arith -Wshadow -Wsign-promo -Wuninitialized -Wno-delete-non-virtual-dtor -Wno-unnamed-type-template-args -Wno-comment -fdiagnostics-show-option -Wno-long-long -Qunused-arguments -Wno-semicolon-before-method-body -ffunction-sections -fdata-sections  -fvisibility=hidden -fvisibility-inlines-hidden  -O3 -DNDEBUG  -DNDEBUG -isysroot /Library/Developer/CommandLineTools/SDKs/MacOSX10.15.sdk -fPIE -MD -MT CMakeFiles/cmTC_fdf34.dir/CheckSymbolExists.c.o -MF CMakeFiles/cmTC_fdf34.dir/CheckSymbolExists.c.o.d -o CMakeFiles/cmTC_fdf34.dir/CheckSymbolExists.c.o -c "/Users/nickmak/Documents/Programming/GitHub/CSE 199/Introduction-to-using-OpenCV-with-Unity/Starter/Python/build_opencv/CMakeFiles/CMakeTmp/CheckSymbolExists.c"
/Users/nickmak/Documents/Programming/GitHub/CSE 199/Introduction-to-using-OpenCV-with-Unity/Starter/Python/build_opencv/CMakeFiles/CMakeTmp/CheckSymbolExists.c:2:10: fatal error: 'malloc.h' file not found
#include <malloc.h>
         ^~~~~~~~~~
1 error generated.
make[1]: *** [CMakeFiles/cmTC_fdf34.dir/CheckSymbolExists.c.o] Error 1
make: *** [cmTC_fdf34/fast] Error 2


File /Users/nickmak/Documents/Programming/GitHub/CSE 199/Introduction-to-using-OpenCV-with-Unity/Starter/Python/build_opencv/CMakeFiles/CMakeTmp/CheckSymbolExists.c:
/* */
#include <malloc.h>

int main(int argc, char** argv)
{
  (void)argv;
#ifndef _aligned_malloc
  return ((int*)(&_aligned_malloc))[argc];
#else
  (void)argc;
  return 0;
#endif
}
Determining if the memalign exist failed with the following output:
Change Dir: /Users/nickmak/Documents/Programming/GitHub/CSE 199/Introduction-to-using-OpenCV-with-Unity/Starter/Python/build_opencv/CMakeFiles/CMakeTmp

Run Build Command(s):/usr/bin/make -f Makefile cmTC_7b665/fast && /Library/Developer/CommandLineTools/usr/bin/make  -f CMakeFiles/cmTC_7b665.dir/build.make CMakeFiles/cmTC_7b665.dir/build
Building C object CMakeFiles/cmTC_7b665.dir/CheckSymbolExists.c.o
/Library/Developer/CommandLineTools/usr/bin/cc   -fsigned-char -W -Wall -Werror=return-type -Werror=non-virtual-dtor -Werror=address -Werror=sequence-point -Wformat -Werror=format-security -Wmissing-declarations -Wmissing-prototypes -Wstrict-prototypes -Wundef -Winit-self -Wpointer-arith -Wshadow -Wsign-promo -Wuninitialized -Wno-delete-non-virtual-dtor -Wno-unnamed-type-template-args -Wno-comment -fdiagnostics-show-option -Wno-long-long -Qunused-arguments -Wno-semicolon-before-method-body -ffunction-sections -fdata-sections  -fvisibility=hidden -fvisibility-inlines-hidden  -O3 -DNDEBUG  -DNDEBUG -isysroot /Library/Developer/CommandLineTools/SDKs/MacOSX10.15.sdk -fPIE -MD -MT CMakeFiles/cmTC_7b665.dir/CheckSymbolExists.c.o -MF CMakeFiles/cmTC_7b665.dir/CheckSymbolExists.c.o.d -o CMakeFiles/cmTC_7b665.dir/CheckSymbolExists.c.o -c "/Users/nickmak/Documents/Programming/GitHub/CSE 199/Introduction-to-using-OpenCV-with-Unity/Starter/Python/build_opencv/CMakeFiles/CMakeTmp/CheckSymbolExists.c"
/Users/nickmak/Documents/Programming/GitHub/CSE 199/Introduction-to-using-OpenCV-with-Unity/Starter/Python/build_opencv/CMakeFiles/CMakeTmp/CheckSymbolExists.c:2:10: fatal error: 'malloc.h' file not found
#include <malloc.h>
         ^~~~~~~~~~
1 error generated.
make[1]: *** [CMakeFiles/cmTC_7b665.dir/CheckSymbolExists.c.o] Error 1
make: *** [cmTC_7b665/fast] Error 2


File /Users/nickmak/Documents/Programming/GitHub/CSE 199/Introduction-to-using-OpenCV-with-Unity/Starter/Python/build_opencv/CMakeFiles/CMakeTmp/CheckSymbolExists.c:
/* */
#include <malloc.h>

int main(int argc, char** argv)
{
  (void)argv;
#ifndef memalign
  return ((int*)(&memalign))[argc];
#else
  (void)argc;
  return 0;
#endif
}
Build output check failed:
    Regex: 'unknown .*option'
    Output line: 'warning: unknown warning option '-Wno-cast-function-type', did you mean '-Wno-bad-function-cast'? [-Wunknown-warning-option]'
Compilation failed:
    source file: '/Users/nickmak/Documents/Programming/GitHub/CSE 199/Introduction-to-using-OpenCV-with-Unity/Starter/Python/build_opencv/CMakeFiles/CMakeTmp/src.c'
    check option: ' -Wno-cast-function-type'
===== BUILD LOG =====
Change Dir: /Users/nickmak/Documents/Programming/GitHub/CSE 199/Introduction-to-using-OpenCV-with-Unity/Starter/Python/build_opencv/CMakeFiles/CMakeTmp

Run Build Command(s):/usr/bin/make -f Makefile cmTC_c9045/fast && /Library/Developer/CommandLineTools/usr/bin/make  -f CMakeFiles/cmTC_c9045.dir/build.make CMakeFiles/cmTC_c9045.dir/build
Building C object CMakeFiles/cmTC_c9045.dir/src.c.o
/Library/Developer/CommandLineTools/usr/bin/cc   -fsigned-char -W -Wall -Werror=return-type -Werror=non-virtual-dtor -Werror=address -Werror=sequence-point -Wformat -Werror=format-security -Wmissing-declarations -Wmissing-prototypes -Winit-self -Wpointer-arith -Wshadow -Wsign-promo -Wuninitialized -Wno-delete-non-virtual-dtor -Wno-unnamed-type-template-args -Wno-comment -fdiagnostics-show-option -Wno-long-long -Qunused-arguments -Wno-semicolon-before-method-body -ffunction-sections -fdata-sections  -fvisibility=hidden -fvisibility-inlines-hidden -Wno-undef -Wno-strict-prototypes  -O3 -DNDEBUG  -DNDEBUG -isysroot /Library/Developer/CommandLineTools/SDKs/MacOSX10.15.sdk -fPIE    -Wno-cast-function-type -MD -MT CMakeFiles/cmTC_c9045.dir/src.c.o -MF CMakeFiles/cmTC_c9045.dir/src.c.o.d -o CMakeFiles/cmTC_c9045.dir/src.c.o -c "/Users/nickmak/Documents/Programming/GitHub/CSE 199/Introduction-to-using-OpenCV-with-Unity/Starter/Python/build_opencv/CMakeFiles/CMakeTmp/src.c"
warning: unknown warning option '-Wno-cast-function-type'; did you mean '-Wno-bad-function-cast'? [-Wunknown-warning-option]
/Users/nickmak/Documents/Programming/GitHub/CSE 199/Introduction-to-using-OpenCV-with-Unity/Starter/Python/build_opencv/CMakeFiles/CMakeTmp/src.c:1:8: warning: unknown pragma ignored [-Wunknown-pragmas]
#pragma
       ^
2 warnings generated.
Linking C executable cmTC_c9045
/usr/local/Cellar/cmake/3.20.2/bin/cmake -E cmake_link_script CMakeFiles/cmTC_c9045.dir/link.txt --verbose=1
/Library/Developer/CommandLineTools/usr/bin/cc    -fsigned-char -W -Wall -Werror=return-type -Werror=non-virtual-dtor -Werror=address -Werror=sequence-point -Wformat -Werror=format-security -Wmissing-declarations -Wmissing-prototypes -Winit-self -Wpointer-arith -Wshadow -Wsign-promo -Wuninitialized -Wno-delete-non-virtual-dtor -Wno-unnamed-type-template-args -Wno-comment -fdiagnostics-show-option -Wno-long-long -Qunused-arguments -Wno-semicolon-before-method-body -ffunction-sections -fdata-sections  -fvisibility=hidden -fvisibility-inlines-hidden -Wno-undef -Wno-strict-prototypes  -O3 -DNDEBUG  -DNDEBUG -isysroot /Library/Developer/CommandLineTools/SDKs/MacOSX10.15.sdk -Wl,-search_paths_first -Wl,-headerpad_max_install_names   -Wl,-dead_strip  CMakeFiles/cmTC_c9045.dir/src.c.o -o cmTC_c9045 


===== END =====

Build output check failed:
    Regex: 'unknown .*option'
    Output line: 'warning: unknown warning option '-Wno-suggest-override', did you mean '-Wno-shift-overflow'? [-Wunknown-warning-option]'
Compilation failed:
    source file: '/Users/nickmak/Documents/Programming/GitHub/CSE 199/Introduction-to-using-OpenCV-with-Unity/Starter/Python/build_opencv/CMakeFiles/CMakeTmp/src.cxx'
    check option: ' -Wno-suggest-override'
===== BUILD LOG =====
Change Dir: /Users/nickmak/Documents/Programming/GitHub/CSE 199/Introduction-to-using-OpenCV-with-Unity/Starter/Python/build_opencv/CMakeFiles/CMakeTmp

Run Build Command(s):/usr/bin/make -f Makefile cmTC_30d5f/fast && /Library/Developer/CommandLineTools/usr/bin/make  -f CMakeFiles/cmTC_30d5f.dir/build.make CMakeFiles/cmTC_30d5f.dir/build
Building CXX object CMakeFiles/cmTC_30d5f.dir/src.cxx.o
/Library/Developer/CommandLineTools/usr/bin/c++   -fsigned-char -W -Wall -Werror=return-type -Werror=non-virtual-dtor -Werror=address -Werror=sequence-point -Wformat -Werror=format-security -Wmissing-prototypes -Wstrict-prototypes -Winit-self -Wpointer-arith -Wsign-promo -Wno-delete-non-virtual-dtor -Wno-unnamed-type-template-args -Wno-comment -fdiagnostics-show-option -Wno-long-long -Qunused-arguments -Wno-semicolon-before-method-body -ffunction-sections -fdata-sections  -fvisibility=hidden -fvisibility-inlines-hidden -Wno-shadow -Wno-unused -Wno-sign-compare -Wno-undef -Wno-missing-declarations -Wno-uninitialized -Wno-switch -Wno-parentheses -Wno-array-bounds -Wno-extra -Wno-deprecated-declarations -Wno-misleading-indentation -Wno-deprecated  -O3 -DNDEBUG  -DNDEBUG -isysroot /Library/Developer/CommandLineTools/SDKs/MacOSX10.15.sdk -fPIE    -Wno-suggest-override -std=c++11 -MD -MT CMakeFiles/cmTC_30d5f.dir/src.cxx.o -MF CMakeFiles/cmTC_30d5f.dir/src.cxx.o.d -o CMakeFiles/cmTC_30d5f.dir/src.cxx.o -c "/Users/nickmak/Documents/Programming/GitHub/CSE 199/Introduction-to-using-OpenCV-with-Unity/Starter/Python/build_opencv/CMakeFiles/CMakeTmp/src.cxx"
warning: unknown warning option '-Wno-suggest-override'; did you mean '-Wno-shift-overflow'? [-Wunknown-warning-option]
/Users/nickmak/Documents/Programming/GitHub/CSE 199/Introduction-to-using-OpenCV-with-Unity/Starter/Python/build_opencv/CMakeFiles/CMakeTmp/src.cxx:1:8: warning: unknown pragma ignored [-Wunknown-pragmas]
#pragma
       ^
2 warnings generated.
Linking CXX executable cmTC_30d5f
/usr/local/Cellar/cmake/3.20.2/bin/cmake -E cmake_link_script CMakeFiles/cmTC_30d5f.dir/link.txt --verbose=1
/Library/Developer/CommandLineTools/usr/bin/c++    -fsigned-char -W -Wall -Werror=return-type -Werror=non-virtual-dtor -Werror=address -Werror=sequence-point -Wformat -Werror=format-security -Wmissing-prototypes -Wstrict-prototypes -Winit-self -Wpointer-arith -Wsign-promo -Wno-delete-non-virtual-dtor -Wno-unnamed-type-template-args -Wno-comment -fdiagnostics-show-option -Wno-long-long -Qunused-arguments -Wno-semicolon-before-method-body -ffunction-sections -fdata-sections  -fvisibility=hidden -fvisibility-inlines-hidden -Wno-shadow -Wno-unused -Wno-sign-compare -Wno-undef -Wno-missing-declarations -Wno-uninitialized -Wno-switch -Wno-parentheses -Wno-array-bounds -Wno-extra -Wno-deprecated-declarations -Wno-misleading-indentation -Wno-deprecated  -O3 -DNDEBUG  -DNDEBUG -isysroot /Library/Developer/CommandLineTools/SDKs/MacOSX10.15.sdk -Wl,-search_paths_first -Wl,-headerpad_max_install_names   -Wl,-dead_strip  CMakeFiles/cmTC_30d5f.dir/src.cxx.o -o cmTC_30d5f 


===== END =====

Build output check failed:
    Regex: 'unknown .*option'
    Output line: 'warning: unknown warning option '-Wno-implicit-const-int-float-conversion', did you mean '-Wno-implicit-int-float-conversion'? [-Wunknown-warning-option]'
Compilation failed:
    source file: '/Users/nickmak/Documents/Programming/GitHub/CSE 199/Introduction-to-using-OpenCV-with-Unity/Starter/Python/build_opencv/CMakeFiles/CMakeTmp/src.cxx'
    check option: ' -Wno-implicit-const-int-float-conversion'
===== BUILD LOG =====
Change Dir: /Users/nickmak/Documents/Programming/GitHub/CSE 199/Introduction-to-using-OpenCV-with-Unity/Starter/Python/build_opencv/CMakeFiles/CMakeTmp

Run Build Command(s):/usr/bin/make -f Makefile cmTC_3c6c7/fast && /Library/Developer/CommandLineTools/usr/bin/make  -f CMakeFiles/cmTC_3c6c7.dir/build.make CMakeFiles/cmTC_3c6c7.dir/build
Building CXX object CMakeFiles/cmTC_3c6c7.dir/src.cxx.o
/Library/Developer/CommandLineTools/usr/bin/c++   -fsigned-char -W -Wall -Werror=return-type -Werror=non-virtual-dtor -Werror=address -Werror=sequence-point -Wformat -Werror=format-security -Wstrict-prototypes -Winit-self -Wpointer-arith -Wsign-promo -Wno-delete-non-virtual-dtor -Wno-unnamed-type-template-args -Wno-comment -fdiagnostics-show-option -Wno-long-long -Qunused-arguments -Wno-semicolon-before-method-body -ffunction-sections -fdata-sections  -fvisibility=hidden -fvisibility-inlines-hidden -Wno-shadow -Wno-unused -Wno-sign-compare -Wno-undef -Wno-missing-declarations -Wno-uninitialized -Wno-switch -Wno-parentheses -Wno-array-bounds -Wno-extra -Wno-deprecated-declarations -Wno-misleading-indentation -Wno-deprecated -Wno-inconsistent-missing-override -Wno-implicit-fallthrough -Wno-tautological-compare -Wno-missing-prototypes -Wno-reorder -Wno-unused-result  -O3 -DNDEBUG  -DNDEBUG -isysroot /Library/Developer/CommandLineTools/SDKs/MacOSX10.15.sdk -fPIE    -Wno-implicit-const-int-float-conversion -std=c++11 -MD -MT CMakeFiles/cmTC_3c6c7.dir/src.cxx.o -MF CMakeFiles/cmTC_3c6c7.dir/src.cxx.o.d -o CMakeFiles/cmTC_3c6c7.dir/src.cxx.o -c "/Users/nickmak/Documents/Programming/GitHub/CSE 199/Introduction-to-using-OpenCV-with-Unity/Starter/Python/build_opencv/CMakeFiles/CMakeTmp/src.cxx"
warning: unknown warning option '-Wno-implicit-const-int-float-conversion'; did you mean '-Wno-implicit-int-float-conversion'? [-Wunknown-warning-option]
/Users/nickmak/Documents/Programming/GitHub/CSE 199/Introduction-to-using-OpenCV-with-Unity/Starter/Python/build_opencv/CMakeFiles/CMakeTmp/src.cxx:1:8: warning: unknown pragma ignored [-Wunknown-pragmas]
#pragma
       ^
2 warnings generated.
Linking CXX executable cmTC_3c6c7
/usr/local/Cellar/cmake/3.20.2/bin/cmake -E cmake_link_script CMakeFiles/cmTC_3c6c7.dir/link.txt --verbose=1
/Library/Developer/CommandLineTools/usr/bin/c++    -fsigned-char -W -Wall -Werror=return-type -Werror=non-virtual-dtor -Werror=address -Werror=sequence-point -Wformat -Werror=format-security -Wstrict-prototypes -Winit-self -Wpointer-arith -Wsign-promo -Wno-delete-non-virtual-dtor -Wno-unnamed-type-template-args -Wno-comment -fdiagnostics-show-option -Wno-long-long -Qunused-arguments -Wno-semicolon-before-method-body -ffunction-sections -fdata-sections  -fvisibility=hidden -fvisibility-inlines-hidden -Wno-shadow -Wno-unused -Wno-sign-compare -Wno-undef -Wno-missing-declarations -Wno-uninitialized -Wno-switch -Wno-parentheses -Wno-array-bounds -Wno-extra -Wno-deprecated-declarations -Wno-misleading-indentation -Wno-deprecated -Wno-inconsistent-missing-override -Wno-implicit-fallthrough -Wno-tautological-compare -Wno-missing-prototypes -Wno-reorder -Wno-unused-result  -O3 -DNDEBUG  -DNDEBUG -isysroot /Library/Developer/CommandLineTools/SDKs/MacOSX10.15.sdk -Wl,-search_paths_first -Wl,-headerpad_max_install_names   -Wl,-dead_strip  CMakeFiles/cmTC_3c6c7.dir/src.cxx.o -o cmTC_3c6c7 


===== END =====

Determining if the function sgemm_ exists failed with the following output:
Change Dir: /Users/nickmak/Documents/Programming/GitHub/CSE 199/Introduction-to-using-OpenCV-with-Unity/Starter/Python/build_opencv/CMakeFiles/CMakeTmp

Run Build Command(s):/usr/bin/make -f Makefile cmTC_9a9ef/fast && /Library/Developer/CommandLineTools/usr/bin/make  -f CMakeFiles/cmTC_9a9ef.dir/build.make CMakeFiles/cmTC_9a9ef.dir/build
Building C object CMakeFiles/cmTC_9a9ef.dir/CheckFunctionExists.c.o
/Library/Developer/CommandLineTools/usr/bin/cc   -fsigned-char -W -Wall -Werror=return-type -Werror=non-virtual-dtor -Werror=address -Werror=sequence-point -Wformat -Werror=format-security -Wmissing-declarations -Wmissing-prototypes -Wstrict-prototypes -Wundef -Winit-self -Wpointer-arith -Wshadow -Wsign-promo -Wuninitialized -Wno-delete-non-virtual-dtor -Wno-unnamed-type-template-args -Wno-comment -fdiagnostics-show-option -Wno-long-long -Qunused-arguments -Wno-semicolon-before-method-body -ffunction-sections -fdata-sections  -fvisibility=hidden -fvisibility-inlines-hidden -DCHECK_FUNCTION_EXISTS=sgemm_ -O3 -DNDEBUG  -DNDEBUG -isysroot /Library/Developer/CommandLineTools/SDKs/MacOSX10.15.sdk -fPIE -MD -MT CMakeFiles/cmTC_9a9ef.dir/CheckFunctionExists.c.o -MF CMakeFiles/cmTC_9a9ef.dir/CheckFunctionExists.c.o.d -o CMakeFiles/cmTC_9a9ef.dir/CheckFunctionExists.c.o -c /usr/local/Cellar/cmake/3.20.2/share/cmake/Modules/CheckFunctionExists.c
Linking C executable cmTC_9a9ef
/usr/local/Cellar/cmake/3.20.2/bin/cmake -E cmake_link_script CMakeFiles/cmTC_9a9ef.dir/link.txt --verbose=1
/Library/Developer/CommandLineTools/usr/bin/cc    -fsigned-char -W -Wall -Werror=return-type -Werror=non-virtual-dtor -Werror=address -Werror=sequence-point -Wformat -Werror=format-security -Wmissing-declarations -Wmissing-prototypes -Wstrict-prototypes -Wundef -Winit-self -Wpointer-arith -Wshadow -Wsign-promo -Wuninitialized -Wno-delete-non-virtual-dtor -Wno-unnamed-type-template-args -Wno-comment -fdiagnostics-show-option -Wno-long-long -Qunused-arguments -Wno-semicolon-before-method-body -ffunction-sections -fdata-sections  -fvisibility=hidden -fvisibility-inlines-hidden -DCHECK_FUNCTION_EXISTS=sgemm_ -O3 -DNDEBUG  -DNDEBUG -isysroot /Library/Developer/CommandLineTools/SDKs/MacOSX10.15.sdk -Wl,-search_paths_first -Wl,-headerpad_max_install_names   -Wl,-dead_strip  CMakeFiles/cmTC_9a9ef.dir/CheckFunctionExists.c.o -o cmTC_9a9ef 
Undefined symbols for architecture x86_64:
  "_sgemm_", referenced from:
      _main in CheckFunctionExists.c.o
ld: symbol(s) not found for architecture x86_64
clang: error: linker command failed with exit code 1 (use -v to see invocation)
make[1]: *** [cmTC_9a9ef] Error 1
make: *** [cmTC_9a9ef/fast] Error 2



